[2024-12-09T05:25:14.752+0000] {local_task_job_runner.py:123} INFO - ::group::Pre task execution logs
[2024-12-09T05:25:14.767+0000] {taskinstance.py:2613} INFO - Dependencies all met for dep_context=non-requeueable deps ti=<TaskInstance: data_pipeline_dag.task_transform_visualise manual__2024-12-09T05:16:55.618725+00:00 [queued]>
[2024-12-09T05:25:14.776+0000] {taskinstance.py:2613} INFO - Dependencies all met for dep_context=requeueable deps ti=<TaskInstance: data_pipeline_dag.task_transform_visualise manual__2024-12-09T05:16:55.618725+00:00 [queued]>
[2024-12-09T05:25:14.777+0000] {taskinstance.py:2866} INFO - Starting attempt 4 of 4
[2024-12-09T05:25:14.789+0000] {taskinstance.py:2889} INFO - Executing <Task(PythonOperator): task_transform_visualise> on 2024-12-09 05:16:55.618725+00:00
[2024-12-09T05:25:14.795+0000] {warnings.py:112} WARNING - /home/***/.local/lib/python3.12/site-packages/***/task/task_runner/standard_task_runner.py:70: DeprecationWarning: This process (pid=138) is multi-threaded, use of fork() may lead to deadlocks in the child.
  pid = os.fork()

[2024-12-09T05:25:14.797+0000] {standard_task_runner.py:72} INFO - Started process 140 to run task
[2024-12-09T05:25:14.797+0000] {standard_task_runner.py:104} INFO - Running: ['***', 'tasks', 'run', 'data_pipeline_dag', 'task_transform_visualise', 'manual__2024-12-09T05:16:55.618725+00:00', '--job-id', '66', '--raw', '--subdir', 'DAGS_FOLDER/e2e_pipeline.py', '--cfg-path', '/tmp/tmph1i9s8os']
[2024-12-09T05:25:14.799+0000] {standard_task_runner.py:105} INFO - Job 66: Subtask task_transform_visualise
[2024-12-09T05:25:14.851+0000] {task_command.py:467} INFO - Running <TaskInstance: data_pipeline_dag.task_transform_visualise manual__2024-12-09T05:16:55.618725+00:00 [running]> on host 8750b0feb560
[2024-12-09T05:25:14.927+0000] {taskinstance.py:3132} INFO - Exporting env vars: AIRFLOW_CTX_DAG_OWNER='***' AIRFLOW_CTX_DAG_ID='data_pipeline_dag' AIRFLOW_CTX_TASK_ID='task_transform_visualise' AIRFLOW_CTX_EXECUTION_DATE='2024-12-09T05:16:55.618725+00:00' AIRFLOW_CTX_TRY_NUMBER='4' AIRFLOW_CTX_DAG_RUN_ID='manual__2024-12-09T05:16:55.618725+00:00'
[2024-12-09T05:25:14.929+0000] {taskinstance.py:731} INFO - ::endgroup::
[2024-12-09T05:25:14.940+0000] {execute.py:83} INFO - Input Notebook:  /opt/***/dataset/transformation_visualisation.ipynb
[2024-12-09T05:25:14.941+0000] {execute.py:84} INFO - Output Notebook: /opt/***/dataset/output_transformation_visualisation.ipynb
[2024-12-09T05:25:14.992+0000] {logging_mixin.py:190} WARNING - Executing:   0%|          | 0/44 [00:00<?, ?cell/s]
[2024-12-09T05:25:16.523+0000] {clientwrap.py:44} INFO - Executing notebook with kernel: python3
[2024-12-09T05:25:16.557+0000] {logging_mixin.py:190} WARNING - Executing:   2%|2         | 1/44 [00:01<01:07,  1.56s/cell]
[2024-12-09T05:25:17.045+0000] {logging_mixin.py:190} WARNING - Executing:   9%|9         | 4/44 [00:02<00:17,  2.34cell/s]
[2024-12-09T05:25:17.231+0000] {logging_mixin.py:190} WARNING - Executing:  14%|#3        | 6/44 [00:02<00:10,  3.55cell/s]
[2024-12-09T05:25:18.333+0000] {logging_mixin.py:190} WARNING - Executing:  25%|##5       | 11/44 [00:03<00:08,  4.09cell/s]
[2024-12-09T05:25:29.280+0000] {logging_mixin.py:190} WARNING - Executing:  27%|##7       | 12/44 [00:14<00:58,  1.83s/cell]
[2024-12-09T05:25:29.417+0000] {logging_mixin.py:190} WARNING - Executing:  36%|###6      | 16/44 [00:14<00:28,  1.01s/cell]
[2024-12-09T05:25:33.485+0000] {logging_mixin.py:190} WARNING - Executing:  41%|####      | 18/44 [00:18<00:32,  1.26s/cell]
[2024-12-09T05:25:33.604+0000] {logging_mixin.py:190} WARNING - Executing:  50%|#####     | 22/44 [00:18<00:16,  1.33cell/s]
[2024-12-09T05:25:33.704+0000] {logging_mixin.py:190} WARNING - Executing:  57%|#####6    | 25/44 [00:18<00:10,  1.88cell/s]
[2024-12-09T05:25:33.877+0000] {logging_mixin.py:190} WARNING - Executing:  64%|######3   | 28/44 [00:18<00:06,  2.59cell/s]
[2024-12-09T05:25:34.002+0000] {logging_mixin.py:190} WARNING - Executing:  73%|#######2  | 32/44 [00:19<00:03,  3.90cell/s]
[2024-12-09T05:25:35.005+0000] {logging_mixin.py:190} WARNING - Executing:  80%|#######9  | 35/44 [00:20<00:02,  3.59cell/s]
[2024-12-09T05:25:35.234+0000] {logging_mixin.py:190} WARNING - Executing:  89%|########8 | 39/44 [00:20<00:01,  4.98cell/s]
[2024-12-09T05:25:35.489+0000] {logging_mixin.py:190} WARNING - Executing:  98%|#########7| 43/44 [00:20<00:00,  6.44cell/s]
[2024-12-09T05:25:36.141+0000] {logging_mixin.py:190} WARNING - Executing: 100%|##########| 44/44 [00:21<00:00,  2.08cell/s]
[2024-12-09T05:25:36.199+0000] {python.py:240} INFO - Done. Returned value was: None
[2024-12-09T05:25:36.222+0000] {taskinstance.py:340} INFO - ::group::Post task execution logs
[2024-12-09T05:25:36.223+0000] {taskinstance.py:352} INFO - Marking task as SUCCESS. dag_id=data_pipeline_dag, task_id=task_transform_visualise, run_id=manual__2024-12-09T05:16:55.618725+00:00, execution_date=20241209T051655, start_date=20241209T052514, end_date=20241209T052536
[2024-12-09T05:25:36.270+0000] {local_task_job_runner.py:266} INFO - Task exited with return code 0
[2024-12-09T05:25:36.287+0000] {taskinstance.py:3895} INFO - 0 downstream tasks scheduled from follow-on schedule check
[2024-12-09T05:25:36.289+0000] {local_task_job_runner.py:245} INFO - ::endgroup::
