[2024-12-08T05:58:04.286+0000] {local_task_job_runner.py:123} INFO - ::group::Pre task execution logs
[2024-12-08T05:58:04.301+0000] {taskinstance.py:2613} INFO - Dependencies all met for dep_context=non-requeueable deps ti=<TaskInstance: data_ingestion_dag.log_sample_data manual__2024-12-08T05:58:03.290808+00:00 [queued]>
[2024-12-08T05:58:04.308+0000] {taskinstance.py:2613} INFO - Dependencies all met for dep_context=requeueable deps ti=<TaskInstance: data_ingestion_dag.log_sample_data manual__2024-12-08T05:58:03.290808+00:00 [queued]>
[2024-12-08T05:58:04.309+0000] {taskinstance.py:2866} INFO - Starting attempt 1 of 1
[2024-12-08T05:58:04.322+0000] {taskinstance.py:2889} INFO - Executing <Task(PythonOperator): log_sample_data> on 2024-12-08 05:58:03.290808+00:00
[2024-12-08T05:58:04.327+0000] {warnings.py:112} WARNING - /home/***/.local/lib/python3.12/site-packages/***/task/task_runner/standard_task_runner.py:70: DeprecationWarning: This process (pid=274) is multi-threaded, use of fork() may lead to deadlocks in the child.
  pid = os.fork()

[2024-12-08T05:58:04.329+0000] {standard_task_runner.py:72} INFO - Started process 275 to run task
[2024-12-08T05:58:04.329+0000] {standard_task_runner.py:104} INFO - Running: ['***', 'tasks', 'run', 'data_ingestion_dag', 'log_sample_data', 'manual__2024-12-08T05:58:03.290808+00:00', '--job-id', '11', '--raw', '--subdir', 'DAGS_FOLDER/test.py', '--cfg-path', '/tmp/tmpj95t0xab']
[2024-12-08T05:58:04.330+0000] {standard_task_runner.py:105} INFO - Job 11: Subtask log_sample_data
[2024-12-08T05:58:04.368+0000] {task_command.py:467} INFO - Running <TaskInstance: data_ingestion_dag.log_sample_data manual__2024-12-08T05:58:03.290808+00:00 [running]> on host 5045a55586b9
[2024-12-08T05:58:04.429+0000] {taskinstance.py:3132} INFO - Exporting env vars: AIRFLOW_CTX_DAG_OWNER='***' AIRFLOW_CTX_DAG_ID='data_ingestion_dag' AIRFLOW_CTX_TASK_ID='log_sample_data' AIRFLOW_CTX_EXECUTION_DATE='2024-12-08T05:58:03.290808+00:00' AIRFLOW_CTX_TRY_NUMBER='1' AIRFLOW_CTX_DAG_RUN_ID='manual__2024-12-08T05:58:03.290808+00:00'
[2024-12-08T05:58:04.430+0000] {taskinstance.py:731} INFO - ::endgroup::
[2024-12-08T05:58:04.461+0000] {base.py:84} INFO - Retrieving connection 'external_postgres'
[2024-12-08T05:58:04.522+0000] {sql.py:544} INFO - Running statement: SELECT * FROM l0_messages LIMIT 5;, parameters: None
[2024-12-08T05:58:04.528+0000] {sql.py:553} INFO - Rows affected: 5
[2024-12-08T05:58:04.543+0000] {logging_mixin.py:190} INFO - Sample data row: (225827003, 'छठे माह के बच्चे को क्या दाल का पानी पीला सकते हैं', 'text', '8316157823254039726', '360699995903664615', 'inbound', 'ABEGkYmCWHJiAhAYMP42_69FGA2CoT8e0Igw', datetime.datetime(2021, 9, 9, 17, 25), None, None, None, None, '4e3e6cbd-957f-6fc6-0a31-352359ca0000', datetime.datetime(2021, 9, 9, 17, 25, 0, 388000), datetime.datetime(2021, 9, 9, 17, 25, 0, 388000), 9814839641451596, 'OWNER', 'CHANNEL_MESSAGE')
[2024-12-08T05:58:04.554+0000] {logging_mixin.py:190} INFO - Sample data row: (290238495, 'Ha ek per normal hai', 'text', '8316157823254039726', '1924410226241906500', 'inbound', 'ABEGkYh4aZgWAhCc0KJxm2sPNBWXkl8UYqXC', datetime.datetime(2022, 6, 1, 8, 26, 28), None, None, None, None, '26cfb3d1-7367-c012-7e5e-f3aedf79e2f1', datetime.datetime(2022, 6, 1, 8, 26, 28, 188000), datetime.datetime(2022, 6, 1, 8, 26, 28, 188000), 25781471030768533, 'OWNER', 'CHANNEL_MESSAGE')
[2024-12-08T05:58:04.564+0000] {logging_mixin.py:190} INFO - Sample data row: (433591120, '⚠️निम्नलिखित लेबर (प्रसव पीड़ा) के लक्षण हैं ⚠️ \n\nजब आपके प्रसव की तारीख़ पास आने वाली हो, तो इन बातों का ध्यान रखें \n\n⚠️पेट दर्द या संकुचन महसूस होना जो तेज़ी से बढ़ता है\n⚠️ योनि से खूनी, चिपचिपा स्राव\n📍 आशा/एएनएम से संपर्क करें या 108 🚑 पर कॉल करें या अपने स्वयं के वाहन  की व्यवस्था करें, सभी दस्तावेज़ों के साथ अपना तैयार किया हुआ बैग लें और अस्पताल पहुँचें 💼', 'text', '5867031364740438706', '4454300900215722365', 'outbound', 'gBEGkZgSFlVRAglbUmpDqPhtRgo', None, None, 'read', datetime.datetime(2023, 5, 24, 9, 46, 59), None, '9b888dc2-570d-5296-91b2-422fd74ea6db', datetime.datetime(2023, 5, 24, 9, 46, 58, 876000), datetime.datetime(2023, 5, 24, 9, 46, 59, 821000), 31304295617233509, 'STACK', 'CHANNEL_MESSAGE')
[2024-12-08T05:58:04.574+0000] {logging_mixin.py:190} INFO - Sample data row: (286769759, None, 'voice', '8316157823254039726', '2372380464914471916', 'inbound', 'ABEGkZORIpkWAghHCYh-gowJvw', datetime.datetime(2022, 5, 10, 15, 43, 33), None, None, None, None, 'd69f4904-7f50-7738-aa15-ffdf2e19cef0', datetime.datetime(2022, 5, 10, 15, 43, 34, 339000), datetime.datetime(2022, 5, 10, 15, 43, 34, 339000), 34062290787406994, 'OWNER', 'CHANNEL_MESSAGE')
[2024-12-08T05:58:04.584+0000] {logging_mixin.py:190} INFO - Sample data row: (810101715, 'Hk', 'text', '8316157823254039726', '7716078790004740279', 'inbound', 'wamid.HBgMOTE5NzAxOTc5MjYxFQIAEhggQ0Y0OEJGOUM1NjRBNEI0NTJDQzM1OTZDNDI5RDJCM0EA', datetime.datetime(2024, 3, 31, 16, 36, 11), None, None, None, None, '56fdc7e3-d5c4-383a-4249-af5320759c0c', datetime.datetime(2024, 3, 31, 16, 36, 11, 818000), datetime.datetime(2024, 3, 31, 16, 36, 11, 818000), 37128544240125839, 'OWNER', 'CHANNEL_MESSAGE')
[2024-12-08T05:58:04.585+0000] {python.py:240} INFO - Done. Returned value was: None
[2024-12-08T05:58:04.595+0000] {taskinstance.py:340} INFO - ::group::Post task execution logs
[2024-12-08T05:58:04.596+0000] {taskinstance.py:352} INFO - Marking task as SUCCESS. dag_id=data_ingestion_dag, task_id=log_sample_data, run_id=manual__2024-12-08T05:58:03.290808+00:00, execution_date=20241208T055803, start_date=20241208T055804, end_date=20241208T055804
[2024-12-08T05:58:04.625+0000] {local_task_job_runner.py:266} INFO - Task exited with return code 0
[2024-12-08T05:58:04.637+0000] {taskinstance.py:3895} INFO - 0 downstream tasks scheduled from follow-on schedule check
[2024-12-08T05:58:04.638+0000] {local_task_job_runner.py:245} INFO - ::endgroup::
