[2024-12-08T05:36:43.588+0000] {processor.py:186} INFO - Started process (PID=78) to work on /home/airflow/.local/lib/python3.12/site-packages/airflow/example_dags/example_dataset_alias_with_no_taskflow.py
[2024-12-08T05:36:43.589+0000] {processor.py:914} INFO - Processing file /home/airflow/.local/lib/python3.12/site-packages/airflow/example_dags/example_dataset_alias_with_no_taskflow.py for tasks to queue
[2024-12-08T05:36:43.592+0000] {logging_mixin.py:190} INFO - [2024-12-08T05:36:43.592+0000] {dagbag.py:588} INFO - Filling up the DagBag from /home/airflow/.local/lib/python3.12/site-packages/airflow/example_dags/example_dataset_alias_with_no_taskflow.py
[2024-12-08T05:36:47.324+0000] {processor.py:925} INFO - DAG(s) 'dataset_alias_example_alias_producer_with_no_taskflow', 'dataset_s3_bucket_producer_with_no_taskflow', 'dataset_alias_example_alias_consumer_with_no_taskflow', 'dataset_s3_bucket_consumer_with_no_taskflow' retrieved from /home/airflow/.local/lib/python3.12/site-packages/airflow/example_dags/example_dataset_alias_with_no_taskflow.py
[2024-12-08T05:36:47.643+0000] {logging_mixin.py:190} INFO - [2024-12-08T05:36:47.642+0000] {dag.py:3239} INFO - Sync 4 DAGs
[2024-12-08T05:36:47.728+0000] {logging_mixin.py:190} INFO - [2024-12-08T05:36:47.728+0000] {dag.py:4180} INFO - Setting next_dagrun for dataset_alias_example_alias_consumer_with_no_taskflow to None, run_after=None
[2024-12-08T05:36:47.735+0000] {logging_mixin.py:190} INFO - [2024-12-08T05:36:47.734+0000] {dag.py:4180} INFO - Setting next_dagrun for dataset_alias_example_alias_producer_with_no_taskflow to None, run_after=None
[2024-12-08T05:36:47.740+0000] {logging_mixin.py:190} INFO - [2024-12-08T05:36:47.740+0000] {dag.py:4180} INFO - Setting next_dagrun for dataset_s3_bucket_consumer_with_no_taskflow to None, run_after=None
[2024-12-08T05:36:47.743+0000] {logging_mixin.py:190} INFO - [2024-12-08T05:36:47.742+0000] {dag.py:4180} INFO - Setting next_dagrun for dataset_s3_bucket_producer_with_no_taskflow to None, run_after=None
[2024-12-08T05:36:47.813+0000] {processor.py:208} INFO - Processing /home/airflow/.local/lib/python3.12/site-packages/airflow/example_dags/example_dataset_alias_with_no_taskflow.py took 4.232 seconds
[2024-12-08T05:37:18.408+0000] {processor.py:186} INFO - Started process (PID=145) to work on /home/airflow/.local/lib/python3.12/site-packages/airflow/example_dags/example_dataset_alias_with_no_taskflow.py
[2024-12-08T05:37:18.427+0000] {processor.py:914} INFO - Processing file /home/airflow/.local/lib/python3.12/site-packages/airflow/example_dags/example_dataset_alias_with_no_taskflow.py for tasks to queue
[2024-12-08T05:37:18.441+0000] {logging_mixin.py:190} INFO - [2024-12-08T05:37:18.441+0000] {dagbag.py:588} INFO - Filling up the DagBag from /home/airflow/.local/lib/python3.12/site-packages/airflow/example_dags/example_dataset_alias_with_no_taskflow.py
[2024-12-08T05:37:19.006+0000] {processor.py:925} INFO - DAG(s) 'dataset_s3_bucket_producer_with_no_taskflow', 'dataset_alias_example_alias_producer_with_no_taskflow', 'dataset_alias_example_alias_consumer_with_no_taskflow', 'dataset_s3_bucket_consumer_with_no_taskflow' retrieved from /home/airflow/.local/lib/python3.12/site-packages/airflow/example_dags/example_dataset_alias_with_no_taskflow.py
[2024-12-08T05:37:19.023+0000] {logging_mixin.py:190} INFO - [2024-12-08T05:37:19.023+0000] {dag.py:3239} INFO - Sync 4 DAGs
[2024-12-08T05:37:19.039+0000] {logging_mixin.py:190} INFO - [2024-12-08T05:37:19.039+0000] {dag.py:4180} INFO - Setting next_dagrun for dataset_alias_example_alias_consumer_with_no_taskflow to None, run_after=None
[2024-12-08T05:37:19.042+0000] {logging_mixin.py:190} INFO - [2024-12-08T05:37:19.042+0000] {dag.py:4180} INFO - Setting next_dagrun for dataset_alias_example_alias_producer_with_no_taskflow to None, run_after=None
[2024-12-08T05:37:19.043+0000] {logging_mixin.py:190} INFO - [2024-12-08T05:37:19.043+0000] {dag.py:4180} INFO - Setting next_dagrun for dataset_s3_bucket_consumer_with_no_taskflow to None, run_after=None
[2024-12-08T05:37:19.045+0000] {logging_mixin.py:190} INFO - [2024-12-08T05:37:19.044+0000] {dag.py:4180} INFO - Setting next_dagrun for dataset_s3_bucket_producer_with_no_taskflow to None, run_after=None
[2024-12-08T05:37:19.063+0000] {processor.py:208} INFO - Processing /home/airflow/.local/lib/python3.12/site-packages/airflow/example_dags/example_dataset_alias_with_no_taskflow.py took 0.672 seconds
