[2024-12-09T05:17:35.249+0000] {local_task_job_runner.py:123} INFO - ::group::Pre task execution logs
[2024-12-09T05:17:35.264+0000] {taskinstance.py:2613} INFO - Dependencies all met for dep_context=non-requeueable deps ti=<TaskInstance: data_pipeline_dag.task_ingest_messages_data manual__2024-12-09T05:16:55.618725+00:00 [queued]>
[2024-12-09T05:17:35.272+0000] {taskinstance.py:2613} INFO - Dependencies all met for dep_context=requeueable deps ti=<TaskInstance: data_pipeline_dag.task_ingest_messages_data manual__2024-12-09T05:16:55.618725+00:00 [queued]>
[2024-12-09T05:17:35.273+0000] {taskinstance.py:2866} INFO - Starting attempt 2 of 2
[2024-12-09T05:17:35.287+0000] {taskinstance.py:2889} INFO - Executing <Task(PythonOperator): task_ingest_messages_data> on 2024-12-09 05:16:55.618725+00:00
[2024-12-09T05:17:35.294+0000] {warnings.py:112} WARNING - /home/***/.local/lib/python3.12/site-packages/***/task/task_runner/standard_task_runner.py:70: DeprecationWarning: This process (pid=133) is multi-threaded, use of fork() may lead to deadlocks in the child.
  pid = os.fork()

[2024-12-09T05:17:35.297+0000] {standard_task_runner.py:72} INFO - Started process 135 to run task
[2024-12-09T05:17:35.296+0000] {standard_task_runner.py:104} INFO - Running: ['***', 'tasks', 'run', 'data_pipeline_dag', 'task_ingest_messages_data', 'manual__2024-12-09T05:16:55.618725+00:00', '--job-id', '59', '--raw', '--subdir', 'DAGS_FOLDER/e2e_pipeline.py', '--cfg-path', '/tmp/tmpd3ow3l67']
[2024-12-09T05:17:35.299+0000] {standard_task_runner.py:105} INFO - Job 59: Subtask task_ingest_messages_data
[2024-12-09T05:17:35.347+0000] {task_command.py:467} INFO - Running <TaskInstance: data_pipeline_dag.task_ingest_messages_data manual__2024-12-09T05:16:55.618725+00:00 [running]> on host d1b18052a0fe
[2024-12-09T05:17:35.425+0000] {taskinstance.py:3132} INFO - Exporting env vars: AIRFLOW_CTX_DAG_OWNER='***' AIRFLOW_CTX_DAG_ID='data_pipeline_dag' AIRFLOW_CTX_TASK_ID='task_ingest_messages_data' AIRFLOW_CTX_EXECUTION_DATE='2024-12-09T05:16:55.618725+00:00' AIRFLOW_CTX_TRY_NUMBER='2' AIRFLOW_CTX_DAG_RUN_ID='manual__2024-12-09T05:16:55.618725+00:00'
[2024-12-09T05:17:35.427+0000] {taskinstance.py:731} INFO - ::endgroup::
[2024-12-09T05:17:35.442+0000] {execute.py:83} INFO - Input Notebook:  /opt/***/dataset/cleanup_messages.ipynb
[2024-12-09T05:17:35.443+0000] {execute.py:84} INFO - Output Notebook: /opt/***/dataset/output_cleanup_messages.ipynb
[2024-12-09T05:17:35.485+0000] {execute.py:97} WARNING - Passed unknown parameter: file_path
[2024-12-09T05:17:35.486+0000] {execute.py:97} WARNING - Passed unknown parameter: sheet_name
[2024-12-09T05:17:35.491+0000] {parameterize.py:114} WARNING - Input notebook does not contain a cell with tag 'parameters'
[2024-12-09T05:17:35.504+0000] {logging_mixin.py:190} WARNING - Executing:   0%|          | 0/6 [00:00<?, ?cell/s]
[2024-12-09T05:17:37.096+0000] {clientwrap.py:44} INFO - Executing notebook with kernel: python3
[2024-12-09T05:17:37.149+0000] {logging_mixin.py:190} WARNING - Executing:  17%|#6        | 1/6 [00:01<00:08,  1.64s/cell]
[2024-12-09T05:17:40.061+0000] {logging_mixin.py:190} WARNING - Executing:  33%|###3      | 2/6 [00:04<00:09,  2.39s/cell]
[2024-12-09T05:17:40.477+0000] {logging_mixin.py:190} WARNING - Executing:  50%|#####     | 3/6 [00:04<00:04,  1.49s/cell]
[2024-12-09T05:17:48.209+0000] {logging_mixin.py:190} WARNING - Executing:  83%|########3 | 5/6 [00:12<00:02,  2.83s/cell]
[2024-12-09T05:17:49.000+0000] {logging_mixin.py:190} WARNING - Executing: 100%|##########| 6/6 [00:13<00:00,  2.25s/cell]
[2024-12-09T05:17:49.319+0000] {logging_mixin.py:190} WARNING - Executing: 100%|##########| 6/6 [00:13<00:00,  2.30s/cell]
[2024-12-09T05:17:49.809+0000] {base.py:84} INFO - Retrieving connection 'external_postgres'
[2024-12-09T05:17:52.658+0000] {logging_mixin.py:190} INFO - Data from sheet 'Messages' loaded into table 'l0_messages' after cleanup.
[2024-12-09T05:17:52.661+0000] {python.py:240} INFO - Done. Returned value was: None
[2024-12-09T05:17:52.672+0000] {taskinstance.py:340} INFO - ::group::Post task execution logs
[2024-12-09T05:17:52.673+0000] {taskinstance.py:352} INFO - Marking task as SUCCESS. dag_id=data_pipeline_dag, task_id=task_ingest_messages_data, run_id=manual__2024-12-09T05:16:55.618725+00:00, execution_date=20241209T051655, start_date=20241209T051735, end_date=20241209T051752
[2024-12-09T05:17:52.741+0000] {local_task_job_runner.py:266} INFO - Task exited with return code 0
[2024-12-09T05:17:52.769+0000] {taskinstance.py:3895} INFO - 1 downstream tasks scheduled from follow-on schedule check
[2024-12-09T05:17:52.772+0000] {local_task_job_runner.py:245} INFO - ::endgroup::
