[2024-12-09T01:19:16.719+0000] {local_task_job_runner.py:123} INFO - ::group::Pre task execution logs
[2024-12-09T01:19:16.732+0000] {taskinstance.py:2613} INFO - Dependencies all met for dep_context=non-requeueable deps ti=<TaskInstance: data_ingestion_dag.task_ingest_messages_data manual__2024-12-09T01:19:14.466321+00:00 [queued]>
[2024-12-09T01:19:16.739+0000] {taskinstance.py:2613} INFO - Dependencies all met for dep_context=requeueable deps ti=<TaskInstance: data_ingestion_dag.task_ingest_messages_data manual__2024-12-09T01:19:14.466321+00:00 [queued]>
[2024-12-09T01:19:16.739+0000] {taskinstance.py:2866} INFO - Starting attempt 1 of 1
[2024-12-09T01:19:16.750+0000] {taskinstance.py:2889} INFO - Executing <Task(PythonOperator): task_ingest_messages_data> on 2024-12-09 01:19:14.466321+00:00
[2024-12-09T01:19:16.756+0000] {warnings.py:112} WARNING - /home/***/.local/lib/python3.12/site-packages/***/task/task_runner/standard_task_runner.py:70: DeprecationWarning: This process (pid=836) is multi-threaded, use of fork() may lead to deadlocks in the child.
  pid = os.fork()

[2024-12-09T01:19:16.758+0000] {standard_task_runner.py:72} INFO - Started process 840 to run task
[2024-12-09T01:19:16.759+0000] {standard_task_runner.py:104} INFO - Running: ['***', 'tasks', 'run', 'data_ingestion_dag', 'task_ingest_messages_data', 'manual__2024-12-09T01:19:14.466321+00:00', '--job-id', '50', '--raw', '--subdir', 'DAGS_FOLDER/test.py', '--cfg-path', '/tmp/tmprqb618fc']
[2024-12-09T01:19:16.762+0000] {standard_task_runner.py:105} INFO - Job 50: Subtask task_ingest_messages_data
[2024-12-09T01:19:16.800+0000] {task_command.py:467} INFO - Running <TaskInstance: data_ingestion_dag.task_ingest_messages_data manual__2024-12-09T01:19:14.466321+00:00 [running]> on host 58979770e908
[2024-12-09T01:19:16.919+0000] {taskinstance.py:3132} INFO - Exporting env vars: AIRFLOW_CTX_DAG_OWNER='***' AIRFLOW_CTX_DAG_ID='data_ingestion_dag' AIRFLOW_CTX_TASK_ID='task_ingest_messages_data' AIRFLOW_CTX_EXECUTION_DATE='2024-12-09T01:19:14.466321+00:00' AIRFLOW_CTX_TRY_NUMBER='1' AIRFLOW_CTX_DAG_RUN_ID='manual__2024-12-09T01:19:14.466321+00:00'
[2024-12-09T01:19:16.920+0000] {taskinstance.py:731} INFO - ::endgroup::
[2024-12-09T01:19:16.932+0000] {execute.py:83} INFO - Input Notebook:  /opt/***/dataset/cleanup_messages.ipynb
[2024-12-09T01:19:16.933+0000] {execute.py:84} INFO - Output Notebook: /opt/***/dataset/output_cleanup_messages.ipynb
[2024-12-09T01:19:16.976+0000] {execute.py:97} WARNING - Passed unknown parameter: file_path
[2024-12-09T01:19:16.977+0000] {execute.py:97} WARNING - Passed unknown parameter: sheet_name
[2024-12-09T01:19:16.983+0000] {parameterize.py:114} WARNING - Input notebook does not contain a cell with tag 'parameters'
[2024-12-09T01:19:16.992+0000] {logging_mixin.py:190} WARNING - Executing:   0%|          | 0/6 [00:00<?, ?cell/s]
[2024-12-09T01:19:19.075+0000] {clientwrap.py:44} INFO - Executing notebook with kernel: python3
[2024-12-09T01:19:19.097+0000] {logging_mixin.py:190} WARNING - Executing:  17%|#6        | 1/6 [00:02<00:10,  2.10s/cell]
[2024-12-09T01:19:22.537+0000] {logging_mixin.py:190} WARNING - Executing:  33%|###3      | 2/6 [00:05<00:11,  2.89s/cell]
[2024-12-09T01:19:22.992+0000] {logging_mixin.py:190} WARNING - Executing:  50%|#####     | 3/6 [00:05<00:05,  1.78s/cell]
[2024-12-09T01:19:30.142+0000] {logging_mixin.py:190} WARNING - Executing:  83%|########3 | 5/6 [00:13<00:02,  2.80s/cell]
[2024-12-09T01:19:30.619+0000] {logging_mixin.py:190} WARNING - Executing: 100%|##########| 6/6 [00:13<00:00,  2.13s/cell]
[2024-12-09T01:19:30.941+0000] {logging_mixin.py:190} WARNING - Executing: 100%|##########| 6/6 [00:13<00:00,  2.32s/cell]
[2024-12-09T01:19:31.226+0000] {base.py:84} INFO - Retrieving connection 'external_postgres'
[2024-12-09T01:19:33.204+0000] {logging_mixin.py:190} INFO - Data from sheet 'Messages' loaded into table 'l0_messages' after cleanup.
[2024-12-09T01:19:33.207+0000] {python.py:240} INFO - Done. Returned value was: None
[2024-12-09T01:19:33.215+0000] {taskinstance.py:340} INFO - ::group::Post task execution logs
[2024-12-09T01:19:33.216+0000] {taskinstance.py:352} INFO - Marking task as SUCCESS. dag_id=data_ingestion_dag, task_id=task_ingest_messages_data, run_id=manual__2024-12-09T01:19:14.466321+00:00, execution_date=20241209T011914, start_date=20241209T011916, end_date=20241209T011933
[2024-12-09T01:19:33.263+0000] {local_task_job_runner.py:266} INFO - Task exited with return code 0
[2024-12-09T01:19:33.275+0000] {taskinstance.py:3895} INFO - 0 downstream tasks scheduled from follow-on schedule check
[2024-12-09T01:19:33.278+0000] {local_task_job_runner.py:245} INFO - ::endgroup::
