[2024-12-09T00:39:37.174+0000] {local_task_job_runner.py:123} INFO - ::group::Pre task execution logs
[2024-12-09T00:39:37.187+0000] {taskinstance.py:2613} INFO - Dependencies all met for dep_context=non-requeueable deps ti=<TaskInstance: data_ingestion_dag.task_ingest_messages_data manual__2024-12-09T00:39:35.436845+00:00 [queued]>
[2024-12-09T00:39:37.195+0000] {taskinstance.py:2613} INFO - Dependencies all met for dep_context=requeueable deps ti=<TaskInstance: data_ingestion_dag.task_ingest_messages_data manual__2024-12-09T00:39:35.436845+00:00 [queued]>
[2024-12-09T00:39:37.197+0000] {taskinstance.py:2866} INFO - Starting attempt 1 of 1
[2024-12-09T00:39:37.211+0000] {taskinstance.py:2889} INFO - Executing <Task(PythonOperator): task_ingest_messages_data> on 2024-12-09 00:39:35.436845+00:00
[2024-12-09T00:39:37.217+0000] {warnings.py:112} WARNING - /home/***/.local/lib/python3.12/site-packages/***/task/task_runner/standard_task_runner.py:70: DeprecationWarning: This process (pid=261) is multi-threaded, use of fork() may lead to deadlocks in the child.
  pid = os.fork()

[2024-12-09T00:39:37.219+0000] {standard_task_runner.py:72} INFO - Started process 263 to run task
[2024-12-09T00:39:37.219+0000] {standard_task_runner.py:104} INFO - Running: ['***', 'tasks', 'run', 'data_ingestion_dag', 'task_ingest_messages_data', 'manual__2024-12-09T00:39:35.436845+00:00', '--job-id', '48', '--raw', '--subdir', 'DAGS_FOLDER/test.py', '--cfg-path', '/tmp/tmprpf72r7a']
[2024-12-09T00:39:37.222+0000] {standard_task_runner.py:105} INFO - Job 48: Subtask task_ingest_messages_data
[2024-12-09T00:39:37.261+0000] {task_command.py:467} INFO - Running <TaskInstance: data_ingestion_dag.task_ingest_messages_data manual__2024-12-09T00:39:35.436845+00:00 [running]> on host 58979770e908
[2024-12-09T00:39:37.331+0000] {taskinstance.py:3132} INFO - Exporting env vars: AIRFLOW_CTX_DAG_OWNER='***' AIRFLOW_CTX_DAG_ID='data_ingestion_dag' AIRFLOW_CTX_TASK_ID='task_ingest_messages_data' AIRFLOW_CTX_EXECUTION_DATE='2024-12-09T00:39:35.436845+00:00' AIRFLOW_CTX_TRY_NUMBER='1' AIRFLOW_CTX_DAG_RUN_ID='manual__2024-12-09T00:39:35.436845+00:00'
[2024-12-09T00:39:37.332+0000] {taskinstance.py:731} INFO - ::endgroup::
[2024-12-09T00:39:37.343+0000] {execute.py:83} INFO - Input Notebook:  /opt/***/dataset/cleanup_messages.ipynb
[2024-12-09T00:39:37.344+0000] {execute.py:84} INFO - Output Notebook: /opt/***/dataset/output_cleanup_messages.ipynb
[2024-12-09T00:39:37.382+0000] {execute.py:97} WARNING - Passed unknown parameter: file_path
[2024-12-09T00:39:37.383+0000] {execute.py:97} WARNING - Passed unknown parameter: sheet_name
[2024-12-09T00:39:37.387+0000] {parameterize.py:114} WARNING - Input notebook does not contain a cell with tag 'parameters'
[2024-12-09T00:39:37.397+0000] {logging_mixin.py:190} WARNING - Executing:   0%|          | 0/6 [00:00<?, ?cell/s]
[2024-12-09T00:39:38.819+0000] {clientwrap.py:44} INFO - Executing notebook with kernel: python3
[2024-12-09T00:39:38.837+0000] {logging_mixin.py:190} WARNING - Executing:  17%|#6        | 1/6 [00:01<00:07,  1.44s/cell]
[2024-12-09T00:39:41.490+0000] {logging_mixin.py:190} WARNING - Executing:  33%|###3      | 2/6 [00:04<00:08,  2.15s/cell]
[2024-12-09T00:39:41.773+0000] {logging_mixin.py:190} WARNING - Executing:  50%|#####     | 3/6 [00:04<00:03,  1.30s/cell]
[2024-12-09T00:39:47.660+0000] {logging_mixin.py:190} WARNING - Executing:  83%|########3 | 5/6 [00:10<00:02,  2.23s/cell]
[2024-12-09T00:39:48.092+0000] {logging_mixin.py:190} WARNING - Executing: 100%|##########| 6/6 [00:10<00:00,  1.71s/cell]
[2024-12-09T00:39:51.671+0000] {logging_mixin.py:190} WARNING - Executing: 100%|##########| 6/6 [00:14<00:00,  2.38s/cell]
[2024-12-09T00:39:51.977+0000] {base.py:84} INFO - Retrieving connection 'external_postgres'
[2024-12-09T00:39:54.208+0000] {logging_mixin.py:190} INFO - Data from sheet 'Messages' loaded into table 'l0_messages' after cleanup.
[2024-12-09T00:39:54.210+0000] {python.py:240} INFO - Done. Returned value was: None
[2024-12-09T00:39:54.220+0000] {taskinstance.py:340} INFO - ::group::Post task execution logs
[2024-12-09T00:39:54.221+0000] {taskinstance.py:352} INFO - Marking task as SUCCESS. dag_id=data_ingestion_dag, task_id=task_ingest_messages_data, run_id=manual__2024-12-09T00:39:35.436845+00:00, execution_date=20241209T003935, start_date=20241209T003937, end_date=20241209T003954
[2024-12-09T00:39:54.262+0000] {local_task_job_runner.py:266} INFO - Task exited with return code 0
[2024-12-09T00:39:54.276+0000] {taskinstance.py:3895} INFO - 0 downstream tasks scheduled from follow-on schedule check
[2024-12-09T00:39:54.278+0000] {local_task_job_runner.py:245} INFO - ::endgroup::
