[2024-12-09T05:16:13.226+0000] {processor.py:186} INFO - Started process (PID=59) to work on /opt/airflow/dags/e2e_pipeline.py
[2024-12-09T05:16:13.227+0000] {processor.py:914} INFO - Processing file /opt/airflow/dags/e2e_pipeline.py for tasks to queue
[2024-12-09T05:16:13.232+0000] {logging_mixin.py:190} INFO - [2024-12-09T05:16:13.232+0000] {dagbag.py:588} INFO - Filling up the DagBag from /opt/airflow/dags/e2e_pipeline.py
[2024-12-09T05:16:16.593+0000] {processor.py:925} INFO - DAG(s) 'data_pipeline_dag' retrieved from /opt/airflow/dags/e2e_pipeline.py
[2024-12-09T05:16:17.043+0000] {logging_mixin.py:190} INFO - [2024-12-09T05:16:17.042+0000] {override.py:1911} INFO - Created Permission View: can delete on DAG:data_pipeline_dag
[2024-12-09T05:16:17.061+0000] {logging_mixin.py:190} INFO - [2024-12-09T05:16:17.061+0000] {override.py:1911} INFO - Created Permission View: can read on DAG:data_pipeline_dag
[2024-12-09T05:16:17.072+0000] {logging_mixin.py:190} INFO - [2024-12-09T05:16:17.071+0000] {override.py:1911} INFO - Created Permission View: can edit on DAG:data_pipeline_dag
[2024-12-09T05:16:17.082+0000] {logging_mixin.py:190} INFO - [2024-12-09T05:16:17.082+0000] {override.py:1911} INFO - Created Permission View: can delete on DAG Run:data_pipeline_dag
[2024-12-09T05:16:17.089+0000] {logging_mixin.py:190} INFO - [2024-12-09T05:16:17.088+0000] {override.py:1911} INFO - Created Permission View: can read on DAG Run:data_pipeline_dag
[2024-12-09T05:16:17.099+0000] {logging_mixin.py:190} INFO - [2024-12-09T05:16:17.098+0000] {override.py:1911} INFO - Created Permission View: can create on DAG Run:data_pipeline_dag
[2024-12-09T05:16:17.107+0000] {logging_mixin.py:190} INFO - [2024-12-09T05:16:17.107+0000] {override.py:1911} INFO - Created Permission View: menu access on DAG Run:data_pipeline_dag
[2024-12-09T05:16:17.109+0000] {logging_mixin.py:190} INFO - [2024-12-09T05:16:17.108+0000] {dag.py:3239} INFO - Sync 1 DAGs
[2024-12-09T05:16:17.124+0000] {logging_mixin.py:190} INFO - [2024-12-09T05:16:17.123+0000] {dag.py:3262} INFO - Creating ORM DAG for data_pipeline_dag
[2024-12-09T05:16:17.125+0000] {logging_mixin.py:190} INFO - [2024-12-09T05:16:17.124+0000] {dag.py:4180} INFO - Setting next_dagrun for data_pipeline_dag to None, run_after=None
[2024-12-09T05:16:17.152+0000] {processor.py:208} INFO - Processing /opt/airflow/dags/e2e_pipeline.py took 3.942 seconds
[2024-12-09T05:16:47.475+0000] {processor.py:186} INFO - Started process (PID=74) to work on /opt/airflow/dags/e2e_pipeline.py
[2024-12-09T05:16:47.476+0000] {processor.py:914} INFO - Processing file /opt/airflow/dags/e2e_pipeline.py for tasks to queue
[2024-12-09T05:16:47.478+0000] {logging_mixin.py:190} INFO - [2024-12-09T05:16:47.478+0000] {dagbag.py:588} INFO - Filling up the DagBag from /opt/airflow/dags/e2e_pipeline.py
[2024-12-09T05:16:48.238+0000] {processor.py:925} INFO - DAG(s) 'data_pipeline_dag' retrieved from /opt/airflow/dags/e2e_pipeline.py
[2024-12-09T05:16:48.259+0000] {logging_mixin.py:190} INFO - [2024-12-09T05:16:48.259+0000] {dag.py:3239} INFO - Sync 1 DAGs
[2024-12-09T05:16:48.283+0000] {logging_mixin.py:190} INFO - [2024-12-09T05:16:48.282+0000] {dag.py:4180} INFO - Setting next_dagrun for data_pipeline_dag to None, run_after=None
[2024-12-09T05:16:48.301+0000] {processor.py:208} INFO - Processing /opt/airflow/dags/e2e_pipeline.py took 0.832 seconds
[2024-12-09T05:17:18.582+0000] {processor.py:186} INFO - Started process (PID=83) to work on /opt/airflow/dags/e2e_pipeline.py
[2024-12-09T05:17:18.584+0000] {processor.py:914} INFO - Processing file /opt/airflow/dags/e2e_pipeline.py for tasks to queue
[2024-12-09T05:17:18.586+0000] {logging_mixin.py:190} INFO - [2024-12-09T05:17:18.586+0000] {dagbag.py:588} INFO - Filling up the DagBag from /opt/airflow/dags/e2e_pipeline.py
[2024-12-09T05:17:19.437+0000] {processor.py:925} INFO - DAG(s) 'data_pipeline_dag' retrieved from /opt/airflow/dags/e2e_pipeline.py
[2024-12-09T05:17:19.466+0000] {logging_mixin.py:190} INFO - [2024-12-09T05:17:19.465+0000] {dag.py:3239} INFO - Sync 1 DAGs
[2024-12-09T05:17:19.480+0000] {logging_mixin.py:190} INFO - [2024-12-09T05:17:19.480+0000] {dag.py:4180} INFO - Setting next_dagrun for data_pipeline_dag to None, run_after=None
[2024-12-09T05:17:19.513+0000] {processor.py:208} INFO - Processing /opt/airflow/dags/e2e_pipeline.py took 0.937 seconds
[2024-12-09T05:17:49.822+0000] {processor.py:186} INFO - Started process (PID=92) to work on /opt/airflow/dags/e2e_pipeline.py
[2024-12-09T05:17:49.824+0000] {processor.py:914} INFO - Processing file /opt/airflow/dags/e2e_pipeline.py for tasks to queue
[2024-12-09T05:17:49.827+0000] {logging_mixin.py:190} INFO - [2024-12-09T05:17:49.827+0000] {dagbag.py:588} INFO - Filling up the DagBag from /opt/airflow/dags/e2e_pipeline.py
[2024-12-09T05:17:51.139+0000] {processor.py:925} INFO - DAG(s) 'data_pipeline_dag' retrieved from /opt/airflow/dags/e2e_pipeline.py
[2024-12-09T05:17:51.170+0000] {logging_mixin.py:190} INFO - [2024-12-09T05:17:51.170+0000] {dag.py:3239} INFO - Sync 1 DAGs
[2024-12-09T05:17:51.183+0000] {logging_mixin.py:190} INFO - [2024-12-09T05:17:51.183+0000] {dag.py:4180} INFO - Setting next_dagrun for data_pipeline_dag to None, run_after=None
[2024-12-09T05:17:51.211+0000] {processor.py:208} INFO - Processing /opt/airflow/dags/e2e_pipeline.py took 1.399 seconds
[2024-12-09T05:18:21.488+0000] {processor.py:186} INFO - Started process (PID=101) to work on /opt/airflow/dags/e2e_pipeline.py
[2024-12-09T05:18:21.489+0000] {processor.py:914} INFO - Processing file /opt/airflow/dags/e2e_pipeline.py for tasks to queue
[2024-12-09T05:18:21.492+0000] {logging_mixin.py:190} INFO - [2024-12-09T05:18:21.492+0000] {dagbag.py:588} INFO - Filling up the DagBag from /opt/airflow/dags/e2e_pipeline.py
[2024-12-09T05:18:22.263+0000] {processor.py:925} INFO - DAG(s) 'data_pipeline_dag' retrieved from /opt/airflow/dags/e2e_pipeline.py
[2024-12-09T05:18:22.280+0000] {logging_mixin.py:190} INFO - [2024-12-09T05:18:22.280+0000] {dag.py:3239} INFO - Sync 1 DAGs
[2024-12-09T05:18:22.289+0000] {logging_mixin.py:190} INFO - [2024-12-09T05:18:22.289+0000] {dag.py:4180} INFO - Setting next_dagrun for data_pipeline_dag to None, run_after=None
[2024-12-09T05:18:22.311+0000] {processor.py:208} INFO - Processing /opt/airflow/dags/e2e_pipeline.py took 0.829 seconds
[2024-12-09T05:18:52.509+0000] {processor.py:186} INFO - Started process (PID=110) to work on /opt/airflow/dags/e2e_pipeline.py
[2024-12-09T05:18:52.510+0000] {processor.py:914} INFO - Processing file /opt/airflow/dags/e2e_pipeline.py for tasks to queue
[2024-12-09T05:18:52.513+0000] {logging_mixin.py:190} INFO - [2024-12-09T05:18:52.513+0000] {dagbag.py:588} INFO - Filling up the DagBag from /opt/airflow/dags/e2e_pipeline.py
[2024-12-09T05:18:53.369+0000] {processor.py:925} INFO - DAG(s) 'data_pipeline_dag' retrieved from /opt/airflow/dags/e2e_pipeline.py
[2024-12-09T05:18:53.389+0000] {logging_mixin.py:190} INFO - [2024-12-09T05:18:53.388+0000] {dag.py:3239} INFO - Sync 1 DAGs
[2024-12-09T05:18:53.400+0000] {logging_mixin.py:190} INFO - [2024-12-09T05:18:53.399+0000] {dag.py:4180} INFO - Setting next_dagrun for data_pipeline_dag to None, run_after=None
[2024-12-09T05:18:53.432+0000] {processor.py:208} INFO - Processing /opt/airflow/dags/e2e_pipeline.py took 0.929 seconds
[2024-12-09T05:19:23.807+0000] {processor.py:186} INFO - Started process (PID=119) to work on /opt/airflow/dags/e2e_pipeline.py
[2024-12-09T05:19:23.809+0000] {processor.py:914} INFO - Processing file /opt/airflow/dags/e2e_pipeline.py for tasks to queue
[2024-12-09T05:19:23.811+0000] {logging_mixin.py:190} INFO - [2024-12-09T05:19:23.811+0000] {dagbag.py:588} INFO - Filling up the DagBag from /opt/airflow/dags/e2e_pipeline.py
[2024-12-09T05:19:24.772+0000] {processor.py:925} INFO - DAG(s) 'data_pipeline_dag' retrieved from /opt/airflow/dags/e2e_pipeline.py
[2024-12-09T05:19:24.793+0000] {logging_mixin.py:190} INFO - [2024-12-09T05:19:24.793+0000] {dag.py:3239} INFO - Sync 1 DAGs
[2024-12-09T05:19:24.806+0000] {logging_mixin.py:190} INFO - [2024-12-09T05:19:24.806+0000] {dag.py:4180} INFO - Setting next_dagrun for data_pipeline_dag to None, run_after=None
[2024-12-09T05:19:24.837+0000] {processor.py:208} INFO - Processing /opt/airflow/dags/e2e_pipeline.py took 1.035 seconds
[2024-12-09T05:19:55.282+0000] {processor.py:186} INFO - Started process (PID=128) to work on /opt/airflow/dags/e2e_pipeline.py
[2024-12-09T05:19:55.283+0000] {processor.py:914} INFO - Processing file /opt/airflow/dags/e2e_pipeline.py for tasks to queue
[2024-12-09T05:19:55.286+0000] {logging_mixin.py:190} INFO - [2024-12-09T05:19:55.286+0000] {dagbag.py:588} INFO - Filling up the DagBag from /opt/airflow/dags/e2e_pipeline.py
[2024-12-09T05:19:55.963+0000] {processor.py:925} INFO - DAG(s) 'data_pipeline_dag' retrieved from /opt/airflow/dags/e2e_pipeline.py
[2024-12-09T05:19:56.162+0000] {logging_mixin.py:190} INFO - [2024-12-09T05:19:56.161+0000] {dag.py:3239} INFO - Sync 1 DAGs
[2024-12-09T05:19:56.174+0000] {logging_mixin.py:190} INFO - [2024-12-09T05:19:56.174+0000] {dag.py:4180} INFO - Setting next_dagrun for data_pipeline_dag to None, run_after=None
[2024-12-09T05:19:56.203+0000] {processor.py:208} INFO - Processing /opt/airflow/dags/e2e_pipeline.py took 0.926 seconds
[2024-12-09T05:20:26.564+0000] {processor.py:186} INFO - Started process (PID=137) to work on /opt/airflow/dags/e2e_pipeline.py
[2024-12-09T05:20:26.566+0000] {processor.py:914} INFO - Processing file /opt/airflow/dags/e2e_pipeline.py for tasks to queue
[2024-12-09T05:20:26.569+0000] {logging_mixin.py:190} INFO - [2024-12-09T05:20:26.568+0000] {dagbag.py:588} INFO - Filling up the DagBag from /opt/airflow/dags/e2e_pipeline.py
[2024-12-09T05:20:27.404+0000] {processor.py:925} INFO - DAG(s) 'data_pipeline_dag' retrieved from /opt/airflow/dags/e2e_pipeline.py
[2024-12-09T05:20:27.435+0000] {logging_mixin.py:190} INFO - [2024-12-09T05:20:27.434+0000] {dag.py:3239} INFO - Sync 1 DAGs
[2024-12-09T05:20:27.454+0000] {logging_mixin.py:190} INFO - [2024-12-09T05:20:27.454+0000] {dag.py:4180} INFO - Setting next_dagrun for data_pipeline_dag to None, run_after=None
[2024-12-09T05:20:27.477+0000] {processor.py:208} INFO - Processing /opt/airflow/dags/e2e_pipeline.py took 0.921 seconds
[2024-12-09T05:22:13.162+0000] {processor.py:186} INFO - Started process (PID=59) to work on /opt/airflow/dags/e2e_pipeline.py
[2024-12-09T05:22:13.163+0000] {processor.py:914} INFO - Processing file /opt/airflow/dags/e2e_pipeline.py for tasks to queue
[2024-12-09T05:22:13.166+0000] {logging_mixin.py:190} INFO - [2024-12-09T05:22:13.165+0000] {dagbag.py:588} INFO - Filling up the DagBag from /opt/airflow/dags/e2e_pipeline.py
[2024-12-09T05:22:16.229+0000] {processor.py:925} INFO - DAG(s) 'data_pipeline_dag' retrieved from /opt/airflow/dags/e2e_pipeline.py
[2024-12-09T05:22:16.270+0000] {logging_mixin.py:190} INFO - [2024-12-09T05:22:16.270+0000] {dag.py:3239} INFO - Sync 1 DAGs
[2024-12-09T05:22:16.284+0000] {logging_mixin.py:190} INFO - [2024-12-09T05:22:16.284+0000] {dag.py:4180} INFO - Setting next_dagrun for data_pipeline_dag to None, run_after=None
[2024-12-09T05:22:16.307+0000] {processor.py:208} INFO - Processing /opt/airflow/dags/e2e_pipeline.py took 3.154 seconds
[2024-12-09T05:22:46.484+0000] {processor.py:186} INFO - Started process (PID=74) to work on /opt/airflow/dags/e2e_pipeline.py
[2024-12-09T05:22:46.486+0000] {processor.py:914} INFO - Processing file /opt/airflow/dags/e2e_pipeline.py for tasks to queue
[2024-12-09T05:22:46.488+0000] {logging_mixin.py:190} INFO - [2024-12-09T05:22:46.488+0000] {dagbag.py:588} INFO - Filling up the DagBag from /opt/airflow/dags/e2e_pipeline.py
[2024-12-09T05:22:47.346+0000] {processor.py:925} INFO - DAG(s) 'data_pipeline_dag' retrieved from /opt/airflow/dags/e2e_pipeline.py
[2024-12-09T05:22:47.376+0000] {logging_mixin.py:190} INFO - [2024-12-09T05:22:47.376+0000] {dag.py:3239} INFO - Sync 1 DAGs
[2024-12-09T05:22:47.393+0000] {logging_mixin.py:190} INFO - [2024-12-09T05:22:47.393+0000] {dag.py:4180} INFO - Setting next_dagrun for data_pipeline_dag to None, run_after=None
[2024-12-09T05:22:47.420+0000] {processor.py:208} INFO - Processing /opt/airflow/dags/e2e_pipeline.py took 0.941 seconds
[2024-12-09T05:23:17.705+0000] {processor.py:186} INFO - Started process (PID=83) to work on /opt/airflow/dags/e2e_pipeline.py
[2024-12-09T05:23:17.706+0000] {processor.py:914} INFO - Processing file /opt/airflow/dags/e2e_pipeline.py for tasks to queue
[2024-12-09T05:23:17.708+0000] {logging_mixin.py:190} INFO - [2024-12-09T05:23:17.708+0000] {dagbag.py:588} INFO - Filling up the DagBag from /opt/airflow/dags/e2e_pipeline.py
[2024-12-09T05:23:18.420+0000] {processor.py:925} INFO - DAG(s) 'data_pipeline_dag' retrieved from /opt/airflow/dags/e2e_pipeline.py
[2024-12-09T05:23:18.438+0000] {logging_mixin.py:190} INFO - [2024-12-09T05:23:18.437+0000] {dag.py:3239} INFO - Sync 1 DAGs
[2024-12-09T05:23:18.462+0000] {logging_mixin.py:190} INFO - [2024-12-09T05:23:18.462+0000] {dag.py:4180} INFO - Setting next_dagrun for data_pipeline_dag to None, run_after=None
[2024-12-09T05:23:18.477+0000] {processor.py:208} INFO - Processing /opt/airflow/dags/e2e_pipeline.py took 0.778 seconds
[2024-12-09T05:23:48.831+0000] {processor.py:186} INFO - Started process (PID=92) to work on /opt/airflow/dags/e2e_pipeline.py
[2024-12-09T05:23:48.833+0000] {processor.py:914} INFO - Processing file /opt/airflow/dags/e2e_pipeline.py for tasks to queue
[2024-12-09T05:23:48.835+0000] {logging_mixin.py:190} INFO - [2024-12-09T05:23:48.835+0000] {dagbag.py:588} INFO - Filling up the DagBag from /opt/airflow/dags/e2e_pipeline.py
[2024-12-09T05:23:49.601+0000] {processor.py:925} INFO - DAG(s) 'data_pipeline_dag' retrieved from /opt/airflow/dags/e2e_pipeline.py
[2024-12-09T05:23:49.621+0000] {logging_mixin.py:190} INFO - [2024-12-09T05:23:49.621+0000] {dag.py:3239} INFO - Sync 1 DAGs
[2024-12-09T05:23:49.632+0000] {logging_mixin.py:190} INFO - [2024-12-09T05:23:49.632+0000] {dag.py:4180} INFO - Setting next_dagrun for data_pipeline_dag to None, run_after=None
[2024-12-09T05:23:49.649+0000] {processor.py:208} INFO - Processing /opt/airflow/dags/e2e_pipeline.py took 0.823 seconds
[2024-12-09T05:24:19.996+0000] {processor.py:186} INFO - Started process (PID=102) to work on /opt/airflow/dags/e2e_pipeline.py
[2024-12-09T05:24:19.997+0000] {processor.py:914} INFO - Processing file /opt/airflow/dags/e2e_pipeline.py for tasks to queue
[2024-12-09T05:24:20.000+0000] {logging_mixin.py:190} INFO - [2024-12-09T05:24:20.000+0000] {dagbag.py:588} INFO - Filling up the DagBag from /opt/airflow/dags/e2e_pipeline.py
[2024-12-09T05:24:20.823+0000] {processor.py:925} INFO - DAG(s) 'data_pipeline_dag' retrieved from /opt/airflow/dags/e2e_pipeline.py
[2024-12-09T05:24:20.846+0000] {logging_mixin.py:190} INFO - [2024-12-09T05:24:20.845+0000] {dag.py:3239} INFO - Sync 1 DAGs
[2024-12-09T05:24:20.859+0000] {logging_mixin.py:190} INFO - [2024-12-09T05:24:20.859+0000] {dag.py:4180} INFO - Setting next_dagrun for data_pipeline_dag to None, run_after=None
[2024-12-09T05:24:20.888+0000] {processor.py:208} INFO - Processing /opt/airflow/dags/e2e_pipeline.py took 0.898 seconds
[2024-12-09T05:24:51.231+0000] {processor.py:186} INFO - Started process (PID=111) to work on /opt/airflow/dags/e2e_pipeline.py
[2024-12-09T05:24:51.233+0000] {processor.py:914} INFO - Processing file /opt/airflow/dags/e2e_pipeline.py for tasks to queue
[2024-12-09T05:24:51.385+0000] {logging_mixin.py:190} INFO - [2024-12-09T05:24:51.385+0000] {dagbag.py:588} INFO - Filling up the DagBag from /opt/airflow/dags/e2e_pipeline.py
[2024-12-09T05:24:51.959+0000] {processor.py:925} INFO - DAG(s) 'data_pipeline_dag' retrieved from /opt/airflow/dags/e2e_pipeline.py
[2024-12-09T05:24:51.978+0000] {logging_mixin.py:190} INFO - [2024-12-09T05:24:51.978+0000] {dag.py:3239} INFO - Sync 1 DAGs
[2024-12-09T05:24:52.119+0000] {logging_mixin.py:190} INFO - [2024-12-09T05:24:52.119+0000] {dag.py:4180} INFO - Setting next_dagrun for data_pipeline_dag to None, run_after=None
[2024-12-09T05:24:52.155+0000] {processor.py:208} INFO - Processing /opt/airflow/dags/e2e_pipeline.py took 0.931 seconds
[2024-12-09T05:25:22.440+0000] {processor.py:186} INFO - Started process (PID=120) to work on /opt/airflow/dags/e2e_pipeline.py
[2024-12-09T05:25:22.441+0000] {processor.py:914} INFO - Processing file /opt/airflow/dags/e2e_pipeline.py for tasks to queue
[2024-12-09T05:25:22.444+0000] {logging_mixin.py:190} INFO - [2024-12-09T05:25:22.444+0000] {dagbag.py:588} INFO - Filling up the DagBag from /opt/airflow/dags/e2e_pipeline.py
[2024-12-09T05:25:23.283+0000] {processor.py:925} INFO - DAG(s) 'data_pipeline_dag' retrieved from /opt/airflow/dags/e2e_pipeline.py
[2024-12-09T05:25:23.332+0000] {logging_mixin.py:190} INFO - [2024-12-09T05:25:23.330+0000] {dag.py:3239} INFO - Sync 1 DAGs
[2024-12-09T05:25:23.364+0000] {logging_mixin.py:190} INFO - [2024-12-09T05:25:23.364+0000] {dag.py:4180} INFO - Setting next_dagrun for data_pipeline_dag to None, run_after=None
[2024-12-09T05:25:23.384+0000] {processor.py:208} INFO - Processing /opt/airflow/dags/e2e_pipeline.py took 0.951 seconds
[2024-12-09T05:25:53.457+0000] {processor.py:186} INFO - Started process (PID=129) to work on /opt/airflow/dags/e2e_pipeline.py
[2024-12-09T05:25:53.459+0000] {processor.py:914} INFO - Processing file /opt/airflow/dags/e2e_pipeline.py for tasks to queue
[2024-12-09T05:25:53.462+0000] {logging_mixin.py:190} INFO - [2024-12-09T05:25:53.462+0000] {dagbag.py:588} INFO - Filling up the DagBag from /opt/airflow/dags/e2e_pipeline.py
[2024-12-09T05:25:54.170+0000] {processor.py:925} INFO - DAG(s) 'data_pipeline_dag' retrieved from /opt/airflow/dags/e2e_pipeline.py
[2024-12-09T05:25:54.215+0000] {logging_mixin.py:190} INFO - [2024-12-09T05:25:54.215+0000] {dag.py:3239} INFO - Sync 1 DAGs
[2024-12-09T05:25:54.228+0000] {logging_mixin.py:190} INFO - [2024-12-09T05:25:54.227+0000] {dag.py:4180} INFO - Setting next_dagrun for data_pipeline_dag to None, run_after=None
[2024-12-09T05:25:54.249+0000] {processor.py:208} INFO - Processing /opt/airflow/dags/e2e_pipeline.py took 0.798 seconds
[2024-12-09T05:26:24.617+0000] {processor.py:186} INFO - Started process (PID=138) to work on /opt/airflow/dags/e2e_pipeline.py
[2024-12-09T05:26:24.618+0000] {processor.py:914} INFO - Processing file /opt/airflow/dags/e2e_pipeline.py for tasks to queue
[2024-12-09T05:26:24.621+0000] {logging_mixin.py:190} INFO - [2024-12-09T05:26:24.621+0000] {dagbag.py:588} INFO - Filling up the DagBag from /opt/airflow/dags/e2e_pipeline.py
[2024-12-09T05:26:25.172+0000] {processor.py:925} INFO - DAG(s) 'data_pipeline_dag' retrieved from /opt/airflow/dags/e2e_pipeline.py
[2024-12-09T05:26:25.199+0000] {logging_mixin.py:190} INFO - [2024-12-09T05:26:25.198+0000] {dag.py:3239} INFO - Sync 1 DAGs
[2024-12-09T05:26:25.211+0000] {logging_mixin.py:190} INFO - [2024-12-09T05:26:25.211+0000] {dag.py:4180} INFO - Setting next_dagrun for data_pipeline_dag to None, run_after=None
[2024-12-09T05:26:25.243+0000] {processor.py:208} INFO - Processing /opt/airflow/dags/e2e_pipeline.py took 0.633 seconds
[2024-12-09T05:26:55.640+0000] {processor.py:186} INFO - Started process (PID=147) to work on /opt/airflow/dags/e2e_pipeline.py
[2024-12-09T05:26:55.641+0000] {processor.py:914} INFO - Processing file /opt/airflow/dags/e2e_pipeline.py for tasks to queue
[2024-12-09T05:26:55.644+0000] {logging_mixin.py:190} INFO - [2024-12-09T05:26:55.643+0000] {dagbag.py:588} INFO - Filling up the DagBag from /opt/airflow/dags/e2e_pipeline.py
[2024-12-09T05:26:56.246+0000] {processor.py:925} INFO - DAG(s) 'data_pipeline_dag' retrieved from /opt/airflow/dags/e2e_pipeline.py
[2024-12-09T05:26:56.265+0000] {logging_mixin.py:190} INFO - [2024-12-09T05:26:56.265+0000] {dag.py:3239} INFO - Sync 1 DAGs
[2024-12-09T05:26:56.278+0000] {logging_mixin.py:190} INFO - [2024-12-09T05:26:56.278+0000] {dag.py:4180} INFO - Setting next_dagrun for data_pipeline_dag to None, run_after=None
[2024-12-09T05:26:56.458+0000] {processor.py:208} INFO - Processing /opt/airflow/dags/e2e_pipeline.py took 0.823 seconds
[2024-12-09T05:27:26.652+0000] {processor.py:186} INFO - Started process (PID=156) to work on /opt/airflow/dags/e2e_pipeline.py
[2024-12-09T05:27:26.654+0000] {processor.py:914} INFO - Processing file /opt/airflow/dags/e2e_pipeline.py for tasks to queue
[2024-12-09T05:27:26.656+0000] {logging_mixin.py:190} INFO - [2024-12-09T05:27:26.656+0000] {dagbag.py:588} INFO - Filling up the DagBag from /opt/airflow/dags/e2e_pipeline.py
[2024-12-09T05:27:27.257+0000] {processor.py:925} INFO - DAG(s) 'data_pipeline_dag' retrieved from /opt/airflow/dags/e2e_pipeline.py
[2024-12-09T05:27:27.277+0000] {logging_mixin.py:190} INFO - [2024-12-09T05:27:27.277+0000] {dag.py:3239} INFO - Sync 1 DAGs
[2024-12-09T05:27:27.451+0000] {logging_mixin.py:190} INFO - [2024-12-09T05:27:27.451+0000] {dag.py:4180} INFO - Setting next_dagrun for data_pipeline_dag to None, run_after=None
[2024-12-09T05:27:27.483+0000] {processor.py:208} INFO - Processing /opt/airflow/dags/e2e_pipeline.py took 0.836 seconds
[2024-12-09T05:27:57.842+0000] {processor.py:186} INFO - Started process (PID=165) to work on /opt/airflow/dags/e2e_pipeline.py
[2024-12-09T05:27:57.844+0000] {processor.py:914} INFO - Processing file /opt/airflow/dags/e2e_pipeline.py for tasks to queue
[2024-12-09T05:27:57.847+0000] {logging_mixin.py:190} INFO - [2024-12-09T05:27:57.846+0000] {dagbag.py:588} INFO - Filling up the DagBag from /opt/airflow/dags/e2e_pipeline.py
[2024-12-09T05:27:58.476+0000] {processor.py:925} INFO - DAG(s) 'data_pipeline_dag' retrieved from /opt/airflow/dags/e2e_pipeline.py
[2024-12-09T05:27:58.683+0000] {logging_mixin.py:190} INFO - [2024-12-09T05:27:58.682+0000] {dag.py:3239} INFO - Sync 1 DAGs
[2024-12-09T05:27:58.700+0000] {logging_mixin.py:190} INFO - [2024-12-09T05:27:58.700+0000] {dag.py:4180} INFO - Setting next_dagrun for data_pipeline_dag to None, run_after=None
[2024-12-09T05:27:58.725+0000] {processor.py:208} INFO - Processing /opt/airflow/dags/e2e_pipeline.py took 0.890 seconds
[2024-12-09T05:28:29.102+0000] {processor.py:186} INFO - Started process (PID=174) to work on /opt/airflow/dags/e2e_pipeline.py
[2024-12-09T05:28:29.103+0000] {processor.py:914} INFO - Processing file /opt/airflow/dags/e2e_pipeline.py for tasks to queue
[2024-12-09T05:28:29.105+0000] {logging_mixin.py:190} INFO - [2024-12-09T05:28:29.105+0000] {dagbag.py:588} INFO - Filling up the DagBag from /opt/airflow/dags/e2e_pipeline.py
[2024-12-09T05:28:29.791+0000] {processor.py:925} INFO - DAG(s) 'data_pipeline_dag' retrieved from /opt/airflow/dags/e2e_pipeline.py
[2024-12-09T05:28:29.809+0000] {logging_mixin.py:190} INFO - [2024-12-09T05:28:29.808+0000] {dag.py:3239} INFO - Sync 1 DAGs
[2024-12-09T05:28:29.822+0000] {logging_mixin.py:190} INFO - [2024-12-09T05:28:29.821+0000] {dag.py:4180} INFO - Setting next_dagrun for data_pipeline_dag to None, run_after=None
[2024-12-09T05:28:29.842+0000] {processor.py:208} INFO - Processing /opt/airflow/dags/e2e_pipeline.py took 0.745 seconds
[2024-12-09T05:29:00.230+0000] {processor.py:186} INFO - Started process (PID=183) to work on /opt/airflow/dags/e2e_pipeline.py
[2024-12-09T05:29:00.232+0000] {processor.py:914} INFO - Processing file /opt/airflow/dags/e2e_pipeline.py for tasks to queue
[2024-12-09T05:29:00.235+0000] {logging_mixin.py:190} INFO - [2024-12-09T05:29:00.235+0000] {dagbag.py:588} INFO - Filling up the DagBag from /opt/airflow/dags/e2e_pipeline.py
[2024-12-09T05:29:01.026+0000] {processor.py:925} INFO - DAG(s) 'data_pipeline_dag' retrieved from /opt/airflow/dags/e2e_pipeline.py
[2024-12-09T05:29:01.044+0000] {logging_mixin.py:190} INFO - [2024-12-09T05:29:01.044+0000] {dag.py:3239} INFO - Sync 1 DAGs
[2024-12-09T05:29:01.054+0000] {logging_mixin.py:190} INFO - [2024-12-09T05:29:01.054+0000] {dag.py:4180} INFO - Setting next_dagrun for data_pipeline_dag to None, run_after=None
[2024-12-09T05:29:01.081+0000] {processor.py:208} INFO - Processing /opt/airflow/dags/e2e_pipeline.py took 0.857 seconds
[2024-12-09T05:29:31.438+0000] {processor.py:186} INFO - Started process (PID=192) to work on /opt/airflow/dags/e2e_pipeline.py
[2024-12-09T05:29:31.439+0000] {processor.py:914} INFO - Processing file /opt/airflow/dags/e2e_pipeline.py for tasks to queue
[2024-12-09T05:29:31.443+0000] {logging_mixin.py:190} INFO - [2024-12-09T05:29:31.442+0000] {dagbag.py:588} INFO - Filling up the DagBag from /opt/airflow/dags/e2e_pipeline.py
[2024-12-09T05:29:32.171+0000] {processor.py:925} INFO - DAG(s) 'data_pipeline_dag' retrieved from /opt/airflow/dags/e2e_pipeline.py
[2024-12-09T05:29:32.191+0000] {logging_mixin.py:190} INFO - [2024-12-09T05:29:32.191+0000] {dag.py:3239} INFO - Sync 1 DAGs
[2024-12-09T05:29:32.202+0000] {logging_mixin.py:190} INFO - [2024-12-09T05:29:32.201+0000] {dag.py:4180} INFO - Setting next_dagrun for data_pipeline_dag to None, run_after=None
[2024-12-09T05:29:32.223+0000] {processor.py:208} INFO - Processing /opt/airflow/dags/e2e_pipeline.py took 0.792 seconds
[2024-12-09T05:30:02.566+0000] {processor.py:186} INFO - Started process (PID=201) to work on /opt/airflow/dags/e2e_pipeline.py
[2024-12-09T05:30:02.567+0000] {processor.py:914} INFO - Processing file /opt/airflow/dags/e2e_pipeline.py for tasks to queue
[2024-12-09T05:30:02.570+0000] {logging_mixin.py:190} INFO - [2024-12-09T05:30:02.570+0000] {dagbag.py:588} INFO - Filling up the DagBag from /opt/airflow/dags/e2e_pipeline.py
[2024-12-09T05:30:03.343+0000] {processor.py:925} INFO - DAG(s) 'data_pipeline_dag' retrieved from /opt/airflow/dags/e2e_pipeline.py
[2024-12-09T05:30:03.371+0000] {logging_mixin.py:190} INFO - [2024-12-09T05:30:03.370+0000] {dag.py:3239} INFO - Sync 1 DAGs
[2024-12-09T05:30:03.383+0000] {logging_mixin.py:190} INFO - [2024-12-09T05:30:03.383+0000] {dag.py:4180} INFO - Setting next_dagrun for data_pipeline_dag to None, run_after=None
[2024-12-09T05:30:03.403+0000] {processor.py:208} INFO - Processing /opt/airflow/dags/e2e_pipeline.py took 0.842 seconds
[2024-12-09T05:30:33.584+0000] {processor.py:186} INFO - Started process (PID=210) to work on /opt/airflow/dags/e2e_pipeline.py
[2024-12-09T05:30:33.586+0000] {processor.py:914} INFO - Processing file /opt/airflow/dags/e2e_pipeline.py for tasks to queue
[2024-12-09T05:30:33.588+0000] {logging_mixin.py:190} INFO - [2024-12-09T05:30:33.588+0000] {dagbag.py:588} INFO - Filling up the DagBag from /opt/airflow/dags/e2e_pipeline.py
[2024-12-09T05:30:34.388+0000] {processor.py:925} INFO - DAG(s) 'data_pipeline_dag' retrieved from /opt/airflow/dags/e2e_pipeline.py
[2024-12-09T05:30:34.405+0000] {logging_mixin.py:190} INFO - [2024-12-09T05:30:34.405+0000] {dag.py:3239} INFO - Sync 1 DAGs
[2024-12-09T05:30:34.416+0000] {logging_mixin.py:190} INFO - [2024-12-09T05:30:34.415+0000] {dag.py:4180} INFO - Setting next_dagrun for data_pipeline_dag to None, run_after=None
[2024-12-09T05:30:34.443+0000] {processor.py:208} INFO - Processing /opt/airflow/dags/e2e_pipeline.py took 0.865 seconds
[2024-12-09T05:31:04.789+0000] {processor.py:186} INFO - Started process (PID=219) to work on /opt/airflow/dags/e2e_pipeline.py
[2024-12-09T05:31:04.790+0000] {processor.py:914} INFO - Processing file /opt/airflow/dags/e2e_pipeline.py for tasks to queue
[2024-12-09T05:31:04.792+0000] {logging_mixin.py:190} INFO - [2024-12-09T05:31:04.792+0000] {dagbag.py:588} INFO - Filling up the DagBag from /opt/airflow/dags/e2e_pipeline.py
[2024-12-09T05:31:05.386+0000] {processor.py:925} INFO - DAG(s) 'data_pipeline_dag' retrieved from /opt/airflow/dags/e2e_pipeline.py
[2024-12-09T05:31:05.571+0000] {logging_mixin.py:190} INFO - [2024-12-09T05:31:05.571+0000] {dag.py:3239} INFO - Sync 1 DAGs
[2024-12-09T05:31:05.585+0000] {logging_mixin.py:190} INFO - [2024-12-09T05:31:05.585+0000] {dag.py:4180} INFO - Setting next_dagrun for data_pipeline_dag to None, run_after=None
[2024-12-09T05:31:05.606+0000] {processor.py:208} INFO - Processing /opt/airflow/dags/e2e_pipeline.py took 0.823 seconds
[2024-12-09T05:31:35.907+0000] {processor.py:186} INFO - Started process (PID=228) to work on /opt/airflow/dags/e2e_pipeline.py
[2024-12-09T05:31:35.909+0000] {processor.py:914} INFO - Processing file /opt/airflow/dags/e2e_pipeline.py for tasks to queue
[2024-12-09T05:31:35.911+0000] {logging_mixin.py:190} INFO - [2024-12-09T05:31:35.910+0000] {dagbag.py:588} INFO - Filling up the DagBag from /opt/airflow/dags/e2e_pipeline.py
[2024-12-09T05:31:36.683+0000] {processor.py:925} INFO - DAG(s) 'data_pipeline_dag' retrieved from /opt/airflow/dags/e2e_pipeline.py
[2024-12-09T05:31:36.705+0000] {logging_mixin.py:190} INFO - [2024-12-09T05:31:36.704+0000] {dag.py:3239} INFO - Sync 1 DAGs
[2024-12-09T05:31:36.716+0000] {logging_mixin.py:190} INFO - [2024-12-09T05:31:36.715+0000] {dag.py:4180} INFO - Setting next_dagrun for data_pipeline_dag to None, run_after=None
[2024-12-09T05:31:36.735+0000] {processor.py:208} INFO - Processing /opt/airflow/dags/e2e_pipeline.py took 0.832 seconds
[2024-12-09T05:32:07.101+0000] {processor.py:186} INFO - Started process (PID=237) to work on /opt/airflow/dags/e2e_pipeline.py
[2024-12-09T05:32:07.102+0000] {processor.py:914} INFO - Processing file /opt/airflow/dags/e2e_pipeline.py for tasks to queue
[2024-12-09T05:32:07.105+0000] {logging_mixin.py:190} INFO - [2024-12-09T05:32:07.105+0000] {dagbag.py:588} INFO - Filling up the DagBag from /opt/airflow/dags/e2e_pipeline.py
[2024-12-09T05:32:07.939+0000] {processor.py:925} INFO - DAG(s) 'data_pipeline_dag' retrieved from /opt/airflow/dags/e2e_pipeline.py
[2024-12-09T05:32:07.963+0000] {logging_mixin.py:190} INFO - [2024-12-09T05:32:07.962+0000] {dag.py:3239} INFO - Sync 1 DAGs
[2024-12-09T05:32:07.977+0000] {logging_mixin.py:190} INFO - [2024-12-09T05:32:07.977+0000] {dag.py:4180} INFO - Setting next_dagrun for data_pipeline_dag to None, run_after=None
[2024-12-09T05:32:08.009+0000] {processor.py:208} INFO - Processing /opt/airflow/dags/e2e_pipeline.py took 0.913 seconds
[2024-12-09T05:32:38.369+0000] {processor.py:186} INFO - Started process (PID=246) to work on /opt/airflow/dags/e2e_pipeline.py
[2024-12-09T05:32:38.371+0000] {processor.py:914} INFO - Processing file /opt/airflow/dags/e2e_pipeline.py for tasks to queue
[2024-12-09T05:32:38.373+0000] {logging_mixin.py:190} INFO - [2024-12-09T05:32:38.373+0000] {dagbag.py:588} INFO - Filling up the DagBag from /opt/airflow/dags/e2e_pipeline.py
[2024-12-09T05:32:39.249+0000] {processor.py:925} INFO - DAG(s) 'data_pipeline_dag' retrieved from /opt/airflow/dags/e2e_pipeline.py
[2024-12-09T05:32:39.274+0000] {logging_mixin.py:190} INFO - [2024-12-09T05:32:39.273+0000] {dag.py:3239} INFO - Sync 1 DAGs
[2024-12-09T05:32:39.289+0000] {logging_mixin.py:190} INFO - [2024-12-09T05:32:39.288+0000] {dag.py:4180} INFO - Setting next_dagrun for data_pipeline_dag to None, run_after=None
[2024-12-09T05:32:39.320+0000] {processor.py:208} INFO - Processing /opt/airflow/dags/e2e_pipeline.py took 0.956 seconds
[2024-12-09T05:33:09.672+0000] {processor.py:186} INFO - Started process (PID=255) to work on /opt/airflow/dags/e2e_pipeline.py
[2024-12-09T05:33:09.673+0000] {processor.py:914} INFO - Processing file /opt/airflow/dags/e2e_pipeline.py for tasks to queue
[2024-12-09T05:33:09.677+0000] {logging_mixin.py:190} INFO - [2024-12-09T05:33:09.676+0000] {dagbag.py:588} INFO - Filling up the DagBag from /opt/airflow/dags/e2e_pipeline.py
[2024-12-09T05:33:10.492+0000] {processor.py:925} INFO - DAG(s) 'data_pipeline_dag' retrieved from /opt/airflow/dags/e2e_pipeline.py
[2024-12-09T05:33:10.516+0000] {logging_mixin.py:190} INFO - [2024-12-09T05:33:10.515+0000] {dag.py:3239} INFO - Sync 1 DAGs
[2024-12-09T05:33:10.532+0000] {logging_mixin.py:190} INFO - [2024-12-09T05:33:10.531+0000] {dag.py:4180} INFO - Setting next_dagrun for data_pipeline_dag to None, run_after=None
[2024-12-09T05:33:10.557+0000] {processor.py:208} INFO - Processing /opt/airflow/dags/e2e_pipeline.py took 0.893 seconds
[2024-12-09T05:33:40.652+0000] {processor.py:186} INFO - Started process (PID=265) to work on /opt/airflow/dags/e2e_pipeline.py
[2024-12-09T05:33:40.654+0000] {processor.py:914} INFO - Processing file /opt/airflow/dags/e2e_pipeline.py for tasks to queue
[2024-12-09T05:33:40.657+0000] {logging_mixin.py:190} INFO - [2024-12-09T05:33:40.656+0000] {dagbag.py:588} INFO - Filling up the DagBag from /opt/airflow/dags/e2e_pipeline.py
[2024-12-09T05:33:41.471+0000] {processor.py:925} INFO - DAG(s) 'data_pipeline_dag' retrieved from /opt/airflow/dags/e2e_pipeline.py
[2024-12-09T05:33:41.490+0000] {logging_mixin.py:190} INFO - [2024-12-09T05:33:41.489+0000] {dag.py:3239} INFO - Sync 1 DAGs
[2024-12-09T05:33:41.499+0000] {logging_mixin.py:190} INFO - [2024-12-09T05:33:41.499+0000] {dag.py:4180} INFO - Setting next_dagrun for data_pipeline_dag to None, run_after=None
[2024-12-09T05:33:41.529+0000] {processor.py:208} INFO - Processing /opt/airflow/dags/e2e_pipeline.py took 0.882 seconds
[2024-12-09T05:34:11.933+0000] {processor.py:186} INFO - Started process (PID=274) to work on /opt/airflow/dags/e2e_pipeline.py
[2024-12-09T05:34:11.934+0000] {processor.py:914} INFO - Processing file /opt/airflow/dags/e2e_pipeline.py for tasks to queue
[2024-12-09T05:34:11.936+0000] {logging_mixin.py:190} INFO - [2024-12-09T05:34:11.936+0000] {dagbag.py:588} INFO - Filling up the DagBag from /opt/airflow/dags/e2e_pipeline.py
[2024-12-09T05:34:12.762+0000] {processor.py:925} INFO - DAG(s) 'data_pipeline_dag' retrieved from /opt/airflow/dags/e2e_pipeline.py
[2024-12-09T05:34:12.782+0000] {logging_mixin.py:190} INFO - [2024-12-09T05:34:12.782+0000] {dag.py:3239} INFO - Sync 1 DAGs
[2024-12-09T05:34:12.795+0000] {logging_mixin.py:190} INFO - [2024-12-09T05:34:12.795+0000] {dag.py:4180} INFO - Setting next_dagrun for data_pipeline_dag to None, run_after=None
[2024-12-09T05:34:12.843+0000] {processor.py:208} INFO - Processing /opt/airflow/dags/e2e_pipeline.py took 0.915 seconds
[2024-12-09T05:34:43.202+0000] {processor.py:186} INFO - Started process (PID=283) to work on /opt/airflow/dags/e2e_pipeline.py
[2024-12-09T05:34:43.204+0000] {processor.py:914} INFO - Processing file /opt/airflow/dags/e2e_pipeline.py for tasks to queue
[2024-12-09T05:34:43.207+0000] {logging_mixin.py:190} INFO - [2024-12-09T05:34:43.207+0000] {dagbag.py:588} INFO - Filling up the DagBag from /opt/airflow/dags/e2e_pipeline.py
[2024-12-09T05:34:44.241+0000] {processor.py:925} INFO - DAG(s) 'data_pipeline_dag' retrieved from /opt/airflow/dags/e2e_pipeline.py
[2024-12-09T05:34:44.262+0000] {logging_mixin.py:190} INFO - [2024-12-09T05:34:44.261+0000] {dag.py:3239} INFO - Sync 1 DAGs
[2024-12-09T05:34:44.278+0000] {logging_mixin.py:190} INFO - [2024-12-09T05:34:44.278+0000] {dag.py:4180} INFO - Setting next_dagrun for data_pipeline_dag to None, run_after=None
[2024-12-09T05:34:44.319+0000] {processor.py:208} INFO - Processing /opt/airflow/dags/e2e_pipeline.py took 1.123 seconds
[2024-12-09T05:35:14.583+0000] {processor.py:186} INFO - Started process (PID=292) to work on /opt/airflow/dags/e2e_pipeline.py
[2024-12-09T05:35:14.584+0000] {processor.py:914} INFO - Processing file /opt/airflow/dags/e2e_pipeline.py for tasks to queue
[2024-12-09T05:35:14.589+0000] {logging_mixin.py:190} INFO - [2024-12-09T05:35:14.588+0000] {dagbag.py:588} INFO - Filling up the DagBag from /opt/airflow/dags/e2e_pipeline.py
[2024-12-09T05:35:15.544+0000] {processor.py:925} INFO - DAG(s) 'data_pipeline_dag' retrieved from /opt/airflow/dags/e2e_pipeline.py
[2024-12-09T05:35:15.564+0000] {logging_mixin.py:190} INFO - [2024-12-09T05:35:15.564+0000] {dag.py:3239} INFO - Sync 1 DAGs
[2024-12-09T05:35:15.576+0000] {logging_mixin.py:190} INFO - [2024-12-09T05:35:15.576+0000] {dag.py:4180} INFO - Setting next_dagrun for data_pipeline_dag to None, run_after=None
[2024-12-09T05:35:15.595+0000] {processor.py:208} INFO - Processing /opt/airflow/dags/e2e_pipeline.py took 1.017 seconds
[2024-12-09T05:35:45.937+0000] {processor.py:186} INFO - Started process (PID=301) to work on /opt/airflow/dags/e2e_pipeline.py
[2024-12-09T05:35:45.940+0000] {processor.py:914} INFO - Processing file /opt/airflow/dags/e2e_pipeline.py for tasks to queue
[2024-12-09T05:35:45.943+0000] {logging_mixin.py:190} INFO - [2024-12-09T05:35:45.943+0000] {dagbag.py:588} INFO - Filling up the DagBag from /opt/airflow/dags/e2e_pipeline.py
[2024-12-09T05:35:46.756+0000] {processor.py:925} INFO - DAG(s) 'data_pipeline_dag' retrieved from /opt/airflow/dags/e2e_pipeline.py
[2024-12-09T05:35:46.777+0000] {logging_mixin.py:190} INFO - [2024-12-09T05:35:46.777+0000] {dag.py:3239} INFO - Sync 1 DAGs
[2024-12-09T05:35:46.791+0000] {logging_mixin.py:190} INFO - [2024-12-09T05:35:46.790+0000] {dag.py:4180} INFO - Setting next_dagrun for data_pipeline_dag to None, run_after=None
[2024-12-09T05:35:46.819+0000] {processor.py:208} INFO - Processing /opt/airflow/dags/e2e_pipeline.py took 0.891 seconds
[2024-12-09T05:36:17.182+0000] {processor.py:186} INFO - Started process (PID=316) to work on /opt/airflow/dags/e2e_pipeline.py
[2024-12-09T05:36:17.183+0000] {processor.py:914} INFO - Processing file /opt/airflow/dags/e2e_pipeline.py for tasks to queue
[2024-12-09T05:36:17.189+0000] {logging_mixin.py:190} INFO - [2024-12-09T05:36:17.188+0000] {dagbag.py:588} INFO - Filling up the DagBag from /opt/airflow/dags/e2e_pipeline.py
[2024-12-09T05:36:18.156+0000] {processor.py:925} INFO - DAG(s) 'data_pipeline_dag' retrieved from /opt/airflow/dags/e2e_pipeline.py
[2024-12-09T05:36:18.185+0000] {logging_mixin.py:190} INFO - [2024-12-09T05:36:18.184+0000] {dag.py:3239} INFO - Sync 1 DAGs
[2024-12-09T05:36:18.207+0000] {logging_mixin.py:190} INFO - [2024-12-09T05:36:18.206+0000] {dag.py:4180} INFO - Setting next_dagrun for data_pipeline_dag to None, run_after=None
[2024-12-09T05:36:18.281+0000] {processor.py:208} INFO - Processing /opt/airflow/dags/e2e_pipeline.py took 1.105 seconds
[2024-12-09T05:36:48.554+0000] {processor.py:186} INFO - Started process (PID=325) to work on /opt/airflow/dags/e2e_pipeline.py
[2024-12-09T05:36:48.555+0000] {processor.py:914} INFO - Processing file /opt/airflow/dags/e2e_pipeline.py for tasks to queue
[2024-12-09T05:36:48.558+0000] {logging_mixin.py:190} INFO - [2024-12-09T05:36:48.558+0000] {dagbag.py:588} INFO - Filling up the DagBag from /opt/airflow/dags/e2e_pipeline.py
[2024-12-09T05:36:49.522+0000] {processor.py:925} INFO - DAG(s) 'data_pipeline_dag' retrieved from /opt/airflow/dags/e2e_pipeline.py
[2024-12-09T05:36:49.552+0000] {logging_mixin.py:190} INFO - [2024-12-09T05:36:49.551+0000] {dag.py:3239} INFO - Sync 1 DAGs
[2024-12-09T05:36:49.568+0000] {logging_mixin.py:190} INFO - [2024-12-09T05:36:49.568+0000] {dag.py:4180} INFO - Setting next_dagrun for data_pipeline_dag to None, run_after=None
[2024-12-09T05:36:49.606+0000] {processor.py:208} INFO - Processing /opt/airflow/dags/e2e_pipeline.py took 1.069 seconds
[2024-12-09T05:37:19.990+0000] {processor.py:186} INFO - Started process (PID=334) to work on /opt/airflow/dags/e2e_pipeline.py
[2024-12-09T05:37:19.991+0000] {processor.py:914} INFO - Processing file /opt/airflow/dags/e2e_pipeline.py for tasks to queue
[2024-12-09T05:37:19.994+0000] {logging_mixin.py:190} INFO - [2024-12-09T05:37:19.994+0000] {dagbag.py:588} INFO - Filling up the DagBag from /opt/airflow/dags/e2e_pipeline.py
[2024-12-09T05:37:20.778+0000] {processor.py:925} INFO - DAG(s) 'data_pipeline_dag' retrieved from /opt/airflow/dags/e2e_pipeline.py
[2024-12-09T05:37:20.801+0000] {logging_mixin.py:190} INFO - [2024-12-09T05:37:20.800+0000] {dag.py:3239} INFO - Sync 1 DAGs
[2024-12-09T05:37:20.817+0000] {logging_mixin.py:190} INFO - [2024-12-09T05:37:20.817+0000] {dag.py:4180} INFO - Setting next_dagrun for data_pipeline_dag to None, run_after=None
[2024-12-09T05:37:20.840+0000] {processor.py:208} INFO - Processing /opt/airflow/dags/e2e_pipeline.py took 0.857 seconds
[2024-12-09T05:37:51.190+0000] {processor.py:186} INFO - Started process (PID=343) to work on /opt/airflow/dags/e2e_pipeline.py
[2024-12-09T05:37:51.192+0000] {processor.py:914} INFO - Processing file /opt/airflow/dags/e2e_pipeline.py for tasks to queue
[2024-12-09T05:37:51.200+0000] {logging_mixin.py:190} INFO - [2024-12-09T05:37:51.199+0000] {dagbag.py:588} INFO - Filling up the DagBag from /opt/airflow/dags/e2e_pipeline.py
[2024-12-09T05:37:52.274+0000] {processor.py:925} INFO - DAG(s) 'data_pipeline_dag' retrieved from /opt/airflow/dags/e2e_pipeline.py
[2024-12-09T05:37:52.308+0000] {logging_mixin.py:190} INFO - [2024-12-09T05:37:52.307+0000] {dag.py:3239} INFO - Sync 1 DAGs
[2024-12-09T05:37:52.325+0000] {logging_mixin.py:190} INFO - [2024-12-09T05:37:52.324+0000] {dag.py:4180} INFO - Setting next_dagrun for data_pipeline_dag to None, run_after=None
[2024-12-09T05:37:52.347+0000] {processor.py:208} INFO - Processing /opt/airflow/dags/e2e_pipeline.py took 1.164 seconds
[2024-12-09T05:38:22.642+0000] {processor.py:186} INFO - Started process (PID=352) to work on /opt/airflow/dags/e2e_pipeline.py
[2024-12-09T05:38:22.644+0000] {processor.py:914} INFO - Processing file /opt/airflow/dags/e2e_pipeline.py for tasks to queue
[2024-12-09T05:38:22.646+0000] {logging_mixin.py:190} INFO - [2024-12-09T05:38:22.646+0000] {dagbag.py:588} INFO - Filling up the DagBag from /opt/airflow/dags/e2e_pipeline.py
[2024-12-09T05:38:23.630+0000] {processor.py:925} INFO - DAG(s) 'data_pipeline_dag' retrieved from /opt/airflow/dags/e2e_pipeline.py
[2024-12-09T05:38:23.650+0000] {logging_mixin.py:190} INFO - [2024-12-09T05:38:23.649+0000] {dag.py:3239} INFO - Sync 1 DAGs
[2024-12-09T05:38:23.662+0000] {logging_mixin.py:190} INFO - [2024-12-09T05:38:23.662+0000] {dag.py:4180} INFO - Setting next_dagrun for data_pipeline_dag to None, run_after=None
[2024-12-09T05:38:23.691+0000] {processor.py:208} INFO - Processing /opt/airflow/dags/e2e_pipeline.py took 1.056 seconds
[2024-12-09T05:38:53.980+0000] {processor.py:186} INFO - Started process (PID=361) to work on /opt/airflow/dags/e2e_pipeline.py
[2024-12-09T05:38:53.982+0000] {processor.py:914} INFO - Processing file /opt/airflow/dags/e2e_pipeline.py for tasks to queue
[2024-12-09T05:38:53.988+0000] {logging_mixin.py:190} INFO - [2024-12-09T05:38:53.987+0000] {dagbag.py:588} INFO - Filling up the DagBag from /opt/airflow/dags/e2e_pipeline.py
[2024-12-09T05:38:54.789+0000] {processor.py:925} INFO - DAG(s) 'data_pipeline_dag' retrieved from /opt/airflow/dags/e2e_pipeline.py
[2024-12-09T05:38:54.810+0000] {logging_mixin.py:190} INFO - [2024-12-09T05:38:54.810+0000] {dag.py:3239} INFO - Sync 1 DAGs
[2024-12-09T05:38:54.826+0000] {logging_mixin.py:190} INFO - [2024-12-09T05:38:54.826+0000] {dag.py:4180} INFO - Setting next_dagrun for data_pipeline_dag to None, run_after=None
[2024-12-09T05:38:54.849+0000] {processor.py:208} INFO - Processing /opt/airflow/dags/e2e_pipeline.py took 0.876 seconds
[2024-12-09T05:39:25.221+0000] {processor.py:186} INFO - Started process (PID=370) to work on /opt/airflow/dags/e2e_pipeline.py
[2024-12-09T05:39:25.222+0000] {processor.py:914} INFO - Processing file /opt/airflow/dags/e2e_pipeline.py for tasks to queue
[2024-12-09T05:39:25.225+0000] {logging_mixin.py:190} INFO - [2024-12-09T05:39:25.225+0000] {dagbag.py:588} INFO - Filling up the DagBag from /opt/airflow/dags/e2e_pipeline.py
[2024-12-09T05:39:26.107+0000] {processor.py:925} INFO - DAG(s) 'data_pipeline_dag' retrieved from /opt/airflow/dags/e2e_pipeline.py
[2024-12-09T05:39:26.128+0000] {logging_mixin.py:190} INFO - [2024-12-09T05:39:26.126+0000] {dag.py:3239} INFO - Sync 1 DAGs
[2024-12-09T05:39:26.138+0000] {logging_mixin.py:190} INFO - [2024-12-09T05:39:26.138+0000] {dag.py:4180} INFO - Setting next_dagrun for data_pipeline_dag to None, run_after=None
[2024-12-09T05:39:26.169+0000] {processor.py:208} INFO - Processing /opt/airflow/dags/e2e_pipeline.py took 0.960 seconds
[2024-12-09T05:39:56.523+0000] {processor.py:186} INFO - Started process (PID=379) to work on /opt/airflow/dags/e2e_pipeline.py
[2024-12-09T05:39:56.524+0000] {processor.py:914} INFO - Processing file /opt/airflow/dags/e2e_pipeline.py for tasks to queue
[2024-12-09T05:39:56.527+0000] {logging_mixin.py:190} INFO - [2024-12-09T05:39:56.527+0000] {dagbag.py:588} INFO - Filling up the DagBag from /opt/airflow/dags/e2e_pipeline.py
[2024-12-09T05:39:57.310+0000] {processor.py:925} INFO - DAG(s) 'data_pipeline_dag' retrieved from /opt/airflow/dags/e2e_pipeline.py
[2024-12-09T05:39:57.329+0000] {logging_mixin.py:190} INFO - [2024-12-09T05:39:57.328+0000] {dag.py:3239} INFO - Sync 1 DAGs
[2024-12-09T05:39:57.340+0000] {logging_mixin.py:190} INFO - [2024-12-09T05:39:57.340+0000] {dag.py:4180} INFO - Setting next_dagrun for data_pipeline_dag to None, run_after=None
[2024-12-09T05:39:57.360+0000] {processor.py:208} INFO - Processing /opt/airflow/dags/e2e_pipeline.py took 0.844 seconds
[2024-12-09T05:40:27.724+0000] {processor.py:186} INFO - Started process (PID=388) to work on /opt/airflow/dags/e2e_pipeline.py
[2024-12-09T05:40:27.725+0000] {processor.py:914} INFO - Processing file /opt/airflow/dags/e2e_pipeline.py for tasks to queue
[2024-12-09T05:40:27.729+0000] {logging_mixin.py:190} INFO - [2024-12-09T05:40:27.729+0000] {dagbag.py:588} INFO - Filling up the DagBag from /opt/airflow/dags/e2e_pipeline.py
[2024-12-09T05:40:28.589+0000] {processor.py:925} INFO - DAG(s) 'data_pipeline_dag' retrieved from /opt/airflow/dags/e2e_pipeline.py
[2024-12-09T05:40:28.611+0000] {logging_mixin.py:190} INFO - [2024-12-09T05:40:28.611+0000] {dag.py:3239} INFO - Sync 1 DAGs
[2024-12-09T05:40:28.622+0000] {logging_mixin.py:190} INFO - [2024-12-09T05:40:28.622+0000] {dag.py:4180} INFO - Setting next_dagrun for data_pipeline_dag to None, run_after=None
[2024-12-09T05:40:28.652+0000] {processor.py:208} INFO - Processing /opt/airflow/dags/e2e_pipeline.py took 0.936 seconds
[2024-12-09T05:40:59.008+0000] {processor.py:186} INFO - Started process (PID=397) to work on /opt/airflow/dags/e2e_pipeline.py
[2024-12-09T05:40:59.009+0000] {processor.py:914} INFO - Processing file /opt/airflow/dags/e2e_pipeline.py for tasks to queue
[2024-12-09T05:40:59.013+0000] {logging_mixin.py:190} INFO - [2024-12-09T05:40:59.013+0000] {dagbag.py:588} INFO - Filling up the DagBag from /opt/airflow/dags/e2e_pipeline.py
[2024-12-09T05:40:59.783+0000] {processor.py:925} INFO - DAG(s) 'data_pipeline_dag' retrieved from /opt/airflow/dags/e2e_pipeline.py
[2024-12-09T05:40:59.804+0000] {logging_mixin.py:190} INFO - [2024-12-09T05:40:59.803+0000] {dag.py:3239} INFO - Sync 1 DAGs
[2024-12-09T05:40:59.815+0000] {logging_mixin.py:190} INFO - [2024-12-09T05:40:59.814+0000] {dag.py:4180} INFO - Setting next_dagrun for data_pipeline_dag to None, run_after=None
[2024-12-09T05:40:59.836+0000] {processor.py:208} INFO - Processing /opt/airflow/dags/e2e_pipeline.py took 0.834 seconds
[2024-12-09T05:41:30.194+0000] {processor.py:186} INFO - Started process (PID=406) to work on /opt/airflow/dags/e2e_pipeline.py
[2024-12-09T05:41:30.196+0000] {processor.py:914} INFO - Processing file /opt/airflow/dags/e2e_pipeline.py for tasks to queue
[2024-12-09T05:41:30.199+0000] {logging_mixin.py:190} INFO - [2024-12-09T05:41:30.199+0000] {dagbag.py:588} INFO - Filling up the DagBag from /opt/airflow/dags/e2e_pipeline.py
[2024-12-09T05:41:31.003+0000] {processor.py:925} INFO - DAG(s) 'data_pipeline_dag' retrieved from /opt/airflow/dags/e2e_pipeline.py
[2024-12-09T05:41:31.024+0000] {logging_mixin.py:190} INFO - [2024-12-09T05:41:31.024+0000] {dag.py:3239} INFO - Sync 1 DAGs
[2024-12-09T05:41:31.037+0000] {logging_mixin.py:190} INFO - [2024-12-09T05:41:31.037+0000] {dag.py:4180} INFO - Setting next_dagrun for data_pipeline_dag to None, run_after=None
[2024-12-09T05:41:31.071+0000] {processor.py:208} INFO - Processing /opt/airflow/dags/e2e_pipeline.py took 0.883 seconds
[2024-12-09T05:42:01.432+0000] {processor.py:186} INFO - Started process (PID=415) to work on /opt/airflow/dags/e2e_pipeline.py
[2024-12-09T05:42:01.433+0000] {processor.py:914} INFO - Processing file /opt/airflow/dags/e2e_pipeline.py for tasks to queue
[2024-12-09T05:42:01.435+0000] {logging_mixin.py:190} INFO - [2024-12-09T05:42:01.435+0000] {dagbag.py:588} INFO - Filling up the DagBag from /opt/airflow/dags/e2e_pipeline.py
[2024-12-09T05:42:02.272+0000] {processor.py:925} INFO - DAG(s) 'data_pipeline_dag' retrieved from /opt/airflow/dags/e2e_pipeline.py
[2024-12-09T05:42:02.293+0000] {logging_mixin.py:190} INFO - [2024-12-09T05:42:02.292+0000] {dag.py:3239} INFO - Sync 1 DAGs
[2024-12-09T05:42:02.308+0000] {logging_mixin.py:190} INFO - [2024-12-09T05:42:02.307+0000] {dag.py:4180} INFO - Setting next_dagrun for data_pipeline_dag to None, run_after=None
[2024-12-09T05:42:02.339+0000] {processor.py:208} INFO - Processing /opt/airflow/dags/e2e_pipeline.py took 0.915 seconds
[2024-12-09T05:42:32.710+0000] {processor.py:186} INFO - Started process (PID=424) to work on /opt/airflow/dags/e2e_pipeline.py
[2024-12-09T05:42:32.711+0000] {processor.py:914} INFO - Processing file /opt/airflow/dags/e2e_pipeline.py for tasks to queue
[2024-12-09T05:42:32.714+0000] {logging_mixin.py:190} INFO - [2024-12-09T05:42:32.713+0000] {dagbag.py:588} INFO - Filling up the DagBag from /opt/airflow/dags/e2e_pipeline.py
[2024-12-09T05:42:33.473+0000] {processor.py:925} INFO - DAG(s) 'data_pipeline_dag' retrieved from /opt/airflow/dags/e2e_pipeline.py
[2024-12-09T05:42:33.496+0000] {logging_mixin.py:190} INFO - [2024-12-09T05:42:33.495+0000] {dag.py:3239} INFO - Sync 1 DAGs
[2024-12-09T05:42:33.509+0000] {logging_mixin.py:190} INFO - [2024-12-09T05:42:33.509+0000] {dag.py:4180} INFO - Setting next_dagrun for data_pipeline_dag to None, run_after=None
[2024-12-09T05:42:33.543+0000] {processor.py:208} INFO - Processing /opt/airflow/dags/e2e_pipeline.py took 0.839 seconds
[2024-12-09T05:43:03.892+0000] {processor.py:186} INFO - Started process (PID=433) to work on /opt/airflow/dags/e2e_pipeline.py
[2024-12-09T05:43:03.893+0000] {processor.py:914} INFO - Processing file /opt/airflow/dags/e2e_pipeline.py for tasks to queue
[2024-12-09T05:43:03.896+0000] {logging_mixin.py:190} INFO - [2024-12-09T05:43:03.896+0000] {dagbag.py:588} INFO - Filling up the DagBag from /opt/airflow/dags/e2e_pipeline.py
[2024-12-09T05:43:04.981+0000] {processor.py:925} INFO - DAG(s) 'data_pipeline_dag' retrieved from /opt/airflow/dags/e2e_pipeline.py
[2024-12-09T05:43:05.018+0000] {logging_mixin.py:190} INFO - [2024-12-09T05:43:05.018+0000] {dag.py:3239} INFO - Sync 1 DAGs
[2024-12-09T05:43:05.032+0000] {logging_mixin.py:190} INFO - [2024-12-09T05:43:05.032+0000] {dag.py:4180} INFO - Setting next_dagrun for data_pipeline_dag to None, run_after=None
[2024-12-09T05:43:05.070+0000] {processor.py:208} INFO - Processing /opt/airflow/dags/e2e_pipeline.py took 1.185 seconds
[2024-12-09T05:43:35.233+0000] {processor.py:186} INFO - Started process (PID=442) to work on /opt/airflow/dags/e2e_pipeline.py
[2024-12-09T05:43:35.234+0000] {processor.py:914} INFO - Processing file /opt/airflow/dags/e2e_pipeline.py for tasks to queue
[2024-12-09T05:43:35.237+0000] {logging_mixin.py:190} INFO - [2024-12-09T05:43:35.237+0000] {dagbag.py:588} INFO - Filling up the DagBag from /opt/airflow/dags/e2e_pipeline.py
[2024-12-09T05:43:36.134+0000] {processor.py:925} INFO - DAG(s) 'data_pipeline_dag' retrieved from /opt/airflow/dags/e2e_pipeline.py
[2024-12-09T05:43:36.156+0000] {logging_mixin.py:190} INFO - [2024-12-09T05:43:36.155+0000] {dag.py:3239} INFO - Sync 1 DAGs
[2024-12-09T05:43:36.168+0000] {logging_mixin.py:190} INFO - [2024-12-09T05:43:36.168+0000] {dag.py:4180} INFO - Setting next_dagrun for data_pipeline_dag to None, run_after=None
[2024-12-09T05:43:36.192+0000] {processor.py:208} INFO - Processing /opt/airflow/dags/e2e_pipeline.py took 0.965 seconds
[2024-12-09T05:44:06.579+0000] {processor.py:186} INFO - Started process (PID=451) to work on /opt/airflow/dags/e2e_pipeline.py
[2024-12-09T05:44:06.581+0000] {processor.py:914} INFO - Processing file /opt/airflow/dags/e2e_pipeline.py for tasks to queue
[2024-12-09T05:44:06.584+0000] {logging_mixin.py:190} INFO - [2024-12-09T05:44:06.584+0000] {dagbag.py:588} INFO - Filling up the DagBag from /opt/airflow/dags/e2e_pipeline.py
[2024-12-09T05:44:07.385+0000] {processor.py:925} INFO - DAG(s) 'data_pipeline_dag' retrieved from /opt/airflow/dags/e2e_pipeline.py
[2024-12-09T05:44:07.404+0000] {logging_mixin.py:190} INFO - [2024-12-09T05:44:07.403+0000] {dag.py:3239} INFO - Sync 1 DAGs
[2024-12-09T05:44:07.415+0000] {logging_mixin.py:190} INFO - [2024-12-09T05:44:07.415+0000] {dag.py:4180} INFO - Setting next_dagrun for data_pipeline_dag to None, run_after=None
[2024-12-09T05:44:07.453+0000] {processor.py:208} INFO - Processing /opt/airflow/dags/e2e_pipeline.py took 0.879 seconds
[2024-12-09T05:44:37.796+0000] {processor.py:186} INFO - Started process (PID=460) to work on /opt/airflow/dags/e2e_pipeline.py
[2024-12-09T05:44:37.797+0000] {processor.py:914} INFO - Processing file /opt/airflow/dags/e2e_pipeline.py for tasks to queue
[2024-12-09T05:44:37.799+0000] {logging_mixin.py:190} INFO - [2024-12-09T05:44:37.799+0000] {dagbag.py:588} INFO - Filling up the DagBag from /opt/airflow/dags/e2e_pipeline.py
[2024-12-09T05:44:38.549+0000] {processor.py:925} INFO - DAG(s) 'data_pipeline_dag' retrieved from /opt/airflow/dags/e2e_pipeline.py
[2024-12-09T05:44:38.574+0000] {logging_mixin.py:190} INFO - [2024-12-09T05:44:38.573+0000] {dag.py:3239} INFO - Sync 1 DAGs
[2024-12-09T05:44:38.588+0000] {logging_mixin.py:190} INFO - [2024-12-09T05:44:38.588+0000] {dag.py:4180} INFO - Setting next_dagrun for data_pipeline_dag to None, run_after=None
[2024-12-09T05:44:38.607+0000] {processor.py:208} INFO - Processing /opt/airflow/dags/e2e_pipeline.py took 0.817 seconds
[2024-12-09T05:45:08.982+0000] {processor.py:186} INFO - Started process (PID=469) to work on /opt/airflow/dags/e2e_pipeline.py
[2024-12-09T05:45:08.983+0000] {processor.py:914} INFO - Processing file /opt/airflow/dags/e2e_pipeline.py for tasks to queue
[2024-12-09T05:45:08.986+0000] {logging_mixin.py:190} INFO - [2024-12-09T05:45:08.985+0000] {dagbag.py:588} INFO - Filling up the DagBag from /opt/airflow/dags/e2e_pipeline.py
[2024-12-09T05:45:09.768+0000] {processor.py:925} INFO - DAG(s) 'data_pipeline_dag' retrieved from /opt/airflow/dags/e2e_pipeline.py
[2024-12-09T05:45:09.790+0000] {logging_mixin.py:190} INFO - [2024-12-09T05:45:09.789+0000] {dag.py:3239} INFO - Sync 1 DAGs
[2024-12-09T05:45:09.802+0000] {logging_mixin.py:190} INFO - [2024-12-09T05:45:09.801+0000] {dag.py:4180} INFO - Setting next_dagrun for data_pipeline_dag to None, run_after=None
[2024-12-09T05:45:09.818+0000] {processor.py:208} INFO - Processing /opt/airflow/dags/e2e_pipeline.py took 0.840 seconds
[2024-12-09T05:45:40.209+0000] {processor.py:186} INFO - Started process (PID=478) to work on /opt/airflow/dags/e2e_pipeline.py
[2024-12-09T05:45:40.211+0000] {processor.py:914} INFO - Processing file /opt/airflow/dags/e2e_pipeline.py for tasks to queue
[2024-12-09T05:45:40.214+0000] {logging_mixin.py:190} INFO - [2024-12-09T05:45:40.214+0000] {dagbag.py:588} INFO - Filling up the DagBag from /opt/airflow/dags/e2e_pipeline.py
[2024-12-09T05:45:40.996+0000] {processor.py:925} INFO - DAG(s) 'data_pipeline_dag' retrieved from /opt/airflow/dags/e2e_pipeline.py
[2024-12-09T05:45:41.016+0000] {logging_mixin.py:190} INFO - [2024-12-09T05:45:41.016+0000] {dag.py:3239} INFO - Sync 1 DAGs
[2024-12-09T05:45:41.029+0000] {logging_mixin.py:190} INFO - [2024-12-09T05:45:41.029+0000] {dag.py:4180} INFO - Setting next_dagrun for data_pipeline_dag to None, run_after=None
[2024-12-09T05:45:41.061+0000] {processor.py:208} INFO - Processing /opt/airflow/dags/e2e_pipeline.py took 0.859 seconds
[2024-12-09T05:46:11.408+0000] {processor.py:186} INFO - Started process (PID=487) to work on /opt/airflow/dags/e2e_pipeline.py
[2024-12-09T05:46:11.409+0000] {processor.py:914} INFO - Processing file /opt/airflow/dags/e2e_pipeline.py for tasks to queue
[2024-12-09T05:46:11.411+0000] {logging_mixin.py:190} INFO - [2024-12-09T05:46:11.411+0000] {dagbag.py:588} INFO - Filling up the DagBag from /opt/airflow/dags/e2e_pipeline.py
[2024-12-09T05:46:12.091+0000] {processor.py:925} INFO - DAG(s) 'data_pipeline_dag' retrieved from /opt/airflow/dags/e2e_pipeline.py
[2024-12-09T05:46:12.108+0000] {logging_mixin.py:190} INFO - [2024-12-09T05:46:12.107+0000] {dag.py:3239} INFO - Sync 1 DAGs
[2024-12-09T05:46:12.117+0000] {logging_mixin.py:190} INFO - [2024-12-09T05:46:12.117+0000] {dag.py:4180} INFO - Setting next_dagrun for data_pipeline_dag to None, run_after=None
[2024-12-09T05:46:12.142+0000] {processor.py:208} INFO - Processing /opt/airflow/dags/e2e_pipeline.py took 0.739 seconds
[2024-12-09T05:46:42.463+0000] {processor.py:186} INFO - Started process (PID=496) to work on /opt/airflow/dags/e2e_pipeline.py
[2024-12-09T05:46:42.464+0000] {processor.py:914} INFO - Processing file /opt/airflow/dags/e2e_pipeline.py for tasks to queue
[2024-12-09T05:46:42.467+0000] {logging_mixin.py:190} INFO - [2024-12-09T05:46:42.467+0000] {dagbag.py:588} INFO - Filling up the DagBag from /opt/airflow/dags/e2e_pipeline.py
[2024-12-09T05:46:43.468+0000] {processor.py:925} INFO - DAG(s) 'data_pipeline_dag' retrieved from /opt/airflow/dags/e2e_pipeline.py
[2024-12-09T05:46:43.498+0000] {logging_mixin.py:190} INFO - [2024-12-09T05:46:43.497+0000] {dag.py:3239} INFO - Sync 1 DAGs
[2024-12-09T05:46:43.512+0000] {logging_mixin.py:190} INFO - [2024-12-09T05:46:43.511+0000] {dag.py:4180} INFO - Setting next_dagrun for data_pipeline_dag to None, run_after=None
[2024-12-09T05:46:43.553+0000] {processor.py:208} INFO - Processing /opt/airflow/dags/e2e_pipeline.py took 1.096 seconds
[2024-12-09T05:47:13.739+0000] {processor.py:186} INFO - Started process (PID=505) to work on /opt/airflow/dags/e2e_pipeline.py
[2024-12-09T05:47:13.741+0000] {processor.py:914} INFO - Processing file /opt/airflow/dags/e2e_pipeline.py for tasks to queue
[2024-12-09T05:47:13.744+0000] {logging_mixin.py:190} INFO - [2024-12-09T05:47:13.743+0000] {dagbag.py:588} INFO - Filling up the DagBag from /opt/airflow/dags/e2e_pipeline.py
[2024-12-09T05:47:14.523+0000] {processor.py:925} INFO - DAG(s) 'data_pipeline_dag' retrieved from /opt/airflow/dags/e2e_pipeline.py
[2024-12-09T05:47:14.544+0000] {logging_mixin.py:190} INFO - [2024-12-09T05:47:14.543+0000] {dag.py:3239} INFO - Sync 1 DAGs
[2024-12-09T05:47:14.556+0000] {logging_mixin.py:190} INFO - [2024-12-09T05:47:14.555+0000] {dag.py:4180} INFO - Setting next_dagrun for data_pipeline_dag to None, run_after=None
[2024-12-09T05:47:14.586+0000] {processor.py:208} INFO - Processing /opt/airflow/dags/e2e_pipeline.py took 0.853 seconds
[2024-12-09T05:47:44.992+0000] {processor.py:186} INFO - Started process (PID=515) to work on /opt/airflow/dags/e2e_pipeline.py
[2024-12-09T05:47:44.993+0000] {processor.py:914} INFO - Processing file /opt/airflow/dags/e2e_pipeline.py for tasks to queue
[2024-12-09T05:47:44.996+0000] {logging_mixin.py:190} INFO - [2024-12-09T05:47:44.996+0000] {dagbag.py:588} INFO - Filling up the DagBag from /opt/airflow/dags/e2e_pipeline.py
[2024-12-09T05:47:45.707+0000] {processor.py:925} INFO - DAG(s) 'data_pipeline_dag' retrieved from /opt/airflow/dags/e2e_pipeline.py
[2024-12-09T05:47:45.724+0000] {logging_mixin.py:190} INFO - [2024-12-09T05:47:45.723+0000] {dag.py:3239} INFO - Sync 1 DAGs
[2024-12-09T05:47:45.736+0000] {logging_mixin.py:190} INFO - [2024-12-09T05:47:45.736+0000] {dag.py:4180} INFO - Setting next_dagrun for data_pipeline_dag to None, run_after=None
[2024-12-09T05:47:45.761+0000] {processor.py:208} INFO - Processing /opt/airflow/dags/e2e_pipeline.py took 0.776 seconds
[2024-12-09T05:48:16.145+0000] {processor.py:186} INFO - Started process (PID=524) to work on /opt/airflow/dags/e2e_pipeline.py
[2024-12-09T05:48:16.146+0000] {processor.py:914} INFO - Processing file /opt/airflow/dags/e2e_pipeline.py for tasks to queue
[2024-12-09T05:48:16.149+0000] {logging_mixin.py:190} INFO - [2024-12-09T05:48:16.149+0000] {dagbag.py:588} INFO - Filling up the DagBag from /opt/airflow/dags/e2e_pipeline.py
[2024-12-09T05:48:16.920+0000] {processor.py:925} INFO - DAG(s) 'data_pipeline_dag' retrieved from /opt/airflow/dags/e2e_pipeline.py
[2024-12-09T05:48:16.938+0000] {logging_mixin.py:190} INFO - [2024-12-09T05:48:16.937+0000] {dag.py:3239} INFO - Sync 1 DAGs
[2024-12-09T05:48:16.952+0000] {logging_mixin.py:190} INFO - [2024-12-09T05:48:16.952+0000] {dag.py:4180} INFO - Setting next_dagrun for data_pipeline_dag to None, run_after=None
[2024-12-09T05:48:16.990+0000] {processor.py:208} INFO - Processing /opt/airflow/dags/e2e_pipeline.py took 0.853 seconds
[2024-12-09T05:48:47.337+0000] {processor.py:186} INFO - Started process (PID=533) to work on /opt/airflow/dags/e2e_pipeline.py
[2024-12-09T05:48:47.339+0000] {processor.py:914} INFO - Processing file /opt/airflow/dags/e2e_pipeline.py for tasks to queue
[2024-12-09T05:48:47.341+0000] {logging_mixin.py:190} INFO - [2024-12-09T05:48:47.341+0000] {dagbag.py:588} INFO - Filling up the DagBag from /opt/airflow/dags/e2e_pipeline.py
[2024-12-09T05:48:48.130+0000] {processor.py:925} INFO - DAG(s) 'data_pipeline_dag' retrieved from /opt/airflow/dags/e2e_pipeline.py
[2024-12-09T05:48:48.149+0000] {logging_mixin.py:190} INFO - [2024-12-09T05:48:48.149+0000] {dag.py:3239} INFO - Sync 1 DAGs
[2024-12-09T05:48:48.168+0000] {logging_mixin.py:190} INFO - [2024-12-09T05:48:48.168+0000] {dag.py:4180} INFO - Setting next_dagrun for data_pipeline_dag to None, run_after=None
[2024-12-09T05:48:48.189+0000] {processor.py:208} INFO - Processing /opt/airflow/dags/e2e_pipeline.py took 0.858 seconds
[2024-12-09T05:49:18.539+0000] {processor.py:186} INFO - Started process (PID=548) to work on /opt/airflow/dags/e2e_pipeline.py
[2024-12-09T05:49:18.541+0000] {processor.py:914} INFO - Processing file /opt/airflow/dags/e2e_pipeline.py for tasks to queue
[2024-12-09T05:49:18.545+0000] {logging_mixin.py:190} INFO - [2024-12-09T05:49:18.545+0000] {dagbag.py:588} INFO - Filling up the DagBag from /opt/airflow/dags/e2e_pipeline.py
[2024-12-09T05:49:19.397+0000] {processor.py:925} INFO - DAG(s) 'data_pipeline_dag' retrieved from /opt/airflow/dags/e2e_pipeline.py
[2024-12-09T05:49:19.418+0000] {logging_mixin.py:190} INFO - [2024-12-09T05:49:19.417+0000] {dag.py:3239} INFO - Sync 1 DAGs
[2024-12-09T05:49:19.429+0000] {logging_mixin.py:190} INFO - [2024-12-09T05:49:19.429+0000] {dag.py:4180} INFO - Setting next_dagrun for data_pipeline_dag to None, run_after=None
[2024-12-09T05:49:19.459+0000] {processor.py:208} INFO - Processing /opt/airflow/dags/e2e_pipeline.py took 0.930 seconds
[2024-12-09T05:49:49.805+0000] {processor.py:186} INFO - Started process (PID=557) to work on /opt/airflow/dags/e2e_pipeline.py
[2024-12-09T05:49:49.806+0000] {processor.py:914} INFO - Processing file /opt/airflow/dags/e2e_pipeline.py for tasks to queue
[2024-12-09T05:49:49.810+0000] {logging_mixin.py:190} INFO - [2024-12-09T05:49:49.810+0000] {dagbag.py:588} INFO - Filling up the DagBag from /opt/airflow/dags/e2e_pipeline.py
[2024-12-09T05:49:50.570+0000] {processor.py:925} INFO - DAG(s) 'data_pipeline_dag' retrieved from /opt/airflow/dags/e2e_pipeline.py
[2024-12-09T05:49:50.590+0000] {logging_mixin.py:190} INFO - [2024-12-09T05:49:50.590+0000] {dag.py:3239} INFO - Sync 1 DAGs
[2024-12-09T05:49:50.601+0000] {logging_mixin.py:190} INFO - [2024-12-09T05:49:50.601+0000] {dag.py:4180} INFO - Setting next_dagrun for data_pipeline_dag to None, run_after=None
[2024-12-09T05:49:50.629+0000] {processor.py:208} INFO - Processing /opt/airflow/dags/e2e_pipeline.py took 0.829 seconds
[2024-12-09T05:50:20.958+0000] {processor.py:186} INFO - Started process (PID=566) to work on /opt/airflow/dags/e2e_pipeline.py
[2024-12-09T05:50:20.959+0000] {processor.py:914} INFO - Processing file /opt/airflow/dags/e2e_pipeline.py for tasks to queue
[2024-12-09T05:50:20.961+0000] {logging_mixin.py:190} INFO - [2024-12-09T05:50:20.961+0000] {dagbag.py:588} INFO - Filling up the DagBag from /opt/airflow/dags/e2e_pipeline.py
[2024-12-09T05:50:21.717+0000] {processor.py:925} INFO - DAG(s) 'data_pipeline_dag' retrieved from /opt/airflow/dags/e2e_pipeline.py
[2024-12-09T05:50:21.738+0000] {logging_mixin.py:190} INFO - [2024-12-09T05:50:21.737+0000] {dag.py:3239} INFO - Sync 1 DAGs
[2024-12-09T05:50:21.750+0000] {logging_mixin.py:190} INFO - [2024-12-09T05:50:21.750+0000] {dag.py:4180} INFO - Setting next_dagrun for data_pipeline_dag to None, run_after=None
[2024-12-09T05:50:21.778+0000] {processor.py:208} INFO - Processing /opt/airflow/dags/e2e_pipeline.py took 0.826 seconds
[2024-12-09T05:50:51.936+0000] {processor.py:186} INFO - Started process (PID=575) to work on /opt/airflow/dags/e2e_pipeline.py
[2024-12-09T05:50:51.938+0000] {processor.py:914} INFO - Processing file /opt/airflow/dags/e2e_pipeline.py for tasks to queue
[2024-12-09T05:50:51.940+0000] {logging_mixin.py:190} INFO - [2024-12-09T05:50:51.940+0000] {dagbag.py:588} INFO - Filling up the DagBag from /opt/airflow/dags/e2e_pipeline.py
[2024-12-09T05:50:52.905+0000] {processor.py:925} INFO - DAG(s) 'data_pipeline_dag' retrieved from /opt/airflow/dags/e2e_pipeline.py
[2024-12-09T05:50:52.933+0000] {logging_mixin.py:190} INFO - [2024-12-09T05:50:52.932+0000] {dag.py:3239} INFO - Sync 1 DAGs
[2024-12-09T05:50:52.947+0000] {logging_mixin.py:190} INFO - [2024-12-09T05:50:52.946+0000] {dag.py:4180} INFO - Setting next_dagrun for data_pipeline_dag to None, run_after=None
[2024-12-09T05:50:52.985+0000] {processor.py:208} INFO - Processing /opt/airflow/dags/e2e_pipeline.py took 1.057 seconds
[2024-12-09T05:51:23.218+0000] {processor.py:186} INFO - Started process (PID=584) to work on /opt/airflow/dags/e2e_pipeline.py
[2024-12-09T05:51:23.220+0000] {processor.py:914} INFO - Processing file /opt/airflow/dags/e2e_pipeline.py for tasks to queue
[2024-12-09T05:51:23.222+0000] {logging_mixin.py:190} INFO - [2024-12-09T05:51:23.222+0000] {dagbag.py:588} INFO - Filling up the DagBag from /opt/airflow/dags/e2e_pipeline.py
[2024-12-09T05:51:24.065+0000] {processor.py:925} INFO - DAG(s) 'data_pipeline_dag' retrieved from /opt/airflow/dags/e2e_pipeline.py
[2024-12-09T05:51:24.090+0000] {logging_mixin.py:190} INFO - [2024-12-09T05:51:24.089+0000] {dag.py:3239} INFO - Sync 1 DAGs
[2024-12-09T05:51:24.107+0000] {logging_mixin.py:190} INFO - [2024-12-09T05:51:24.107+0000] {dag.py:4180} INFO - Setting next_dagrun for data_pipeline_dag to None, run_after=None
[2024-12-09T05:51:24.125+0000] {processor.py:208} INFO - Processing /opt/airflow/dags/e2e_pipeline.py took 0.914 seconds
[2024-12-09T05:51:54.488+0000] {processor.py:186} INFO - Started process (PID=593) to work on /opt/airflow/dags/e2e_pipeline.py
[2024-12-09T05:51:54.490+0000] {processor.py:914} INFO - Processing file /opt/airflow/dags/e2e_pipeline.py for tasks to queue
[2024-12-09T05:51:54.492+0000] {logging_mixin.py:190} INFO - [2024-12-09T05:51:54.492+0000] {dagbag.py:588} INFO - Filling up the DagBag from /opt/airflow/dags/e2e_pipeline.py
[2024-12-09T05:51:55.374+0000] {processor.py:925} INFO - DAG(s) 'data_pipeline_dag' retrieved from /opt/airflow/dags/e2e_pipeline.py
[2024-12-09T05:51:55.394+0000] {logging_mixin.py:190} INFO - [2024-12-09T05:51:55.394+0000] {dag.py:3239} INFO - Sync 1 DAGs
[2024-12-09T05:51:55.407+0000] {logging_mixin.py:190} INFO - [2024-12-09T05:51:55.406+0000] {dag.py:4180} INFO - Setting next_dagrun for data_pipeline_dag to None, run_after=None
[2024-12-09T05:51:55.439+0000] {processor.py:208} INFO - Processing /opt/airflow/dags/e2e_pipeline.py took 0.957 seconds
[2024-12-09T05:52:25.855+0000] {processor.py:186} INFO - Started process (PID=601) to work on /opt/airflow/dags/e2e_pipeline.py
[2024-12-09T05:52:25.857+0000] {processor.py:914} INFO - Processing file /opt/airflow/dags/e2e_pipeline.py for tasks to queue
[2024-12-09T05:52:25.859+0000] {logging_mixin.py:190} INFO - [2024-12-09T05:52:25.858+0000] {dagbag.py:588} INFO - Filling up the DagBag from /opt/airflow/dags/e2e_pipeline.py
[2024-12-09T05:52:26.595+0000] {processor.py:925} INFO - DAG(s) 'data_pipeline_dag' retrieved from /opt/airflow/dags/e2e_pipeline.py
[2024-12-09T05:52:26.613+0000] {logging_mixin.py:190} INFO - [2024-12-09T05:52:26.612+0000] {dag.py:3239} INFO - Sync 1 DAGs
[2024-12-09T05:52:26.623+0000] {logging_mixin.py:190} INFO - [2024-12-09T05:52:26.622+0000] {dag.py:4180} INFO - Setting next_dagrun for data_pipeline_dag to None, run_after=None
[2024-12-09T05:52:26.648+0000] {processor.py:208} INFO - Processing /opt/airflow/dags/e2e_pipeline.py took 0.799 seconds
[2024-12-09T05:52:56.998+0000] {processor.py:186} INFO - Started process (PID=610) to work on /opt/airflow/dags/e2e_pipeline.py
[2024-12-09T05:52:56.999+0000] {processor.py:914} INFO - Processing file /opt/airflow/dags/e2e_pipeline.py for tasks to queue
[2024-12-09T05:52:57.002+0000] {logging_mixin.py:190} INFO - [2024-12-09T05:52:57.001+0000] {dagbag.py:588} INFO - Filling up the DagBag from /opt/airflow/dags/e2e_pipeline.py
[2024-12-09T05:52:57.950+0000] {processor.py:925} INFO - DAG(s) 'data_pipeline_dag' retrieved from /opt/airflow/dags/e2e_pipeline.py
[2024-12-09T05:52:57.968+0000] {logging_mixin.py:190} INFO - [2024-12-09T05:52:57.967+0000] {dag.py:3239} INFO - Sync 1 DAGs
[2024-12-09T05:52:57.979+0000] {logging_mixin.py:190} INFO - [2024-12-09T05:52:57.978+0000] {dag.py:4180} INFO - Setting next_dagrun for data_pipeline_dag to None, run_after=None
[2024-12-09T05:52:58.011+0000] {processor.py:208} INFO - Processing /opt/airflow/dags/e2e_pipeline.py took 1.018 seconds
[2024-12-09T05:53:28.354+0000] {processor.py:186} INFO - Started process (PID=619) to work on /opt/airflow/dags/e2e_pipeline.py
[2024-12-09T05:53:28.355+0000] {processor.py:914} INFO - Processing file /opt/airflow/dags/e2e_pipeline.py for tasks to queue
[2024-12-09T05:53:28.357+0000] {logging_mixin.py:190} INFO - [2024-12-09T05:53:28.357+0000] {dagbag.py:588} INFO - Filling up the DagBag from /opt/airflow/dags/e2e_pipeline.py
[2024-12-09T05:53:29.266+0000] {processor.py:925} INFO - DAG(s) 'data_pipeline_dag' retrieved from /opt/airflow/dags/e2e_pipeline.py
[2024-12-09T05:53:29.285+0000] {logging_mixin.py:190} INFO - [2024-12-09T05:53:29.285+0000] {dag.py:3239} INFO - Sync 1 DAGs
[2024-12-09T05:53:29.300+0000] {logging_mixin.py:190} INFO - [2024-12-09T05:53:29.300+0000] {dag.py:4180} INFO - Setting next_dagrun for data_pipeline_dag to None, run_after=None
[2024-12-09T05:53:29.328+0000] {processor.py:208} INFO - Processing /opt/airflow/dags/e2e_pipeline.py took 0.980 seconds
[2024-12-09T05:53:59.666+0000] {processor.py:186} INFO - Started process (PID=628) to work on /opt/airflow/dags/e2e_pipeline.py
[2024-12-09T05:53:59.669+0000] {processor.py:914} INFO - Processing file /opt/airflow/dags/e2e_pipeline.py for tasks to queue
[2024-12-09T05:53:59.673+0000] {logging_mixin.py:190} INFO - [2024-12-09T05:53:59.673+0000] {dagbag.py:588} INFO - Filling up the DagBag from /opt/airflow/dags/e2e_pipeline.py
[2024-12-09T05:54:00.545+0000] {processor.py:925} INFO - DAG(s) 'data_pipeline_dag' retrieved from /opt/airflow/dags/e2e_pipeline.py
[2024-12-09T05:54:00.565+0000] {logging_mixin.py:190} INFO - [2024-12-09T05:54:00.564+0000] {dag.py:3239} INFO - Sync 1 DAGs
[2024-12-09T05:54:00.575+0000] {logging_mixin.py:190} INFO - [2024-12-09T05:54:00.575+0000] {dag.py:4180} INFO - Setting next_dagrun for data_pipeline_dag to None, run_after=None
[2024-12-09T05:54:00.599+0000] {processor.py:208} INFO - Processing /opt/airflow/dags/e2e_pipeline.py took 0.939 seconds
[2024-12-09T05:54:30.987+0000] {processor.py:186} INFO - Started process (PID=637) to work on /opt/airflow/dags/e2e_pipeline.py
[2024-12-09T05:54:30.988+0000] {processor.py:914} INFO - Processing file /opt/airflow/dags/e2e_pipeline.py for tasks to queue
[2024-12-09T05:54:30.992+0000] {logging_mixin.py:190} INFO - [2024-12-09T05:54:30.991+0000] {dagbag.py:588} INFO - Filling up the DagBag from /opt/airflow/dags/e2e_pipeline.py
[2024-12-09T05:54:31.929+0000] {processor.py:925} INFO - DAG(s) 'data_pipeline_dag' retrieved from /opt/airflow/dags/e2e_pipeline.py
[2024-12-09T05:54:31.949+0000] {logging_mixin.py:190} INFO - [2024-12-09T05:54:31.949+0000] {dag.py:3239} INFO - Sync 1 DAGs
[2024-12-09T05:54:31.961+0000] {logging_mixin.py:190} INFO - [2024-12-09T05:54:31.961+0000] {dag.py:4180} INFO - Setting next_dagrun for data_pipeline_dag to None, run_after=None
[2024-12-09T05:54:31.987+0000] {processor.py:208} INFO - Processing /opt/airflow/dags/e2e_pipeline.py took 1.007 seconds
[2024-12-09T05:55:02.326+0000] {processor.py:186} INFO - Started process (PID=646) to work on /opt/airflow/dags/e2e_pipeline.py
[2024-12-09T05:55:02.328+0000] {processor.py:914} INFO - Processing file /opt/airflow/dags/e2e_pipeline.py for tasks to queue
[2024-12-09T05:55:02.330+0000] {logging_mixin.py:190} INFO - [2024-12-09T05:55:02.330+0000] {dagbag.py:588} INFO - Filling up the DagBag from /opt/airflow/dags/e2e_pipeline.py
[2024-12-09T05:55:03.068+0000] {processor.py:925} INFO - DAG(s) 'data_pipeline_dag' retrieved from /opt/airflow/dags/e2e_pipeline.py
[2024-12-09T05:55:03.088+0000] {logging_mixin.py:190} INFO - [2024-12-09T05:55:03.088+0000] {dag.py:3239} INFO - Sync 1 DAGs
[2024-12-09T05:55:03.100+0000] {logging_mixin.py:190} INFO - [2024-12-09T05:55:03.099+0000] {dag.py:4180} INFO - Setting next_dagrun for data_pipeline_dag to None, run_after=None
[2024-12-09T05:55:03.136+0000] {processor.py:208} INFO - Processing /opt/airflow/dags/e2e_pipeline.py took 0.815 seconds
[2024-12-09T05:55:33.496+0000] {processor.py:186} INFO - Started process (PID=656) to work on /opt/airflow/dags/e2e_pipeline.py
[2024-12-09T05:55:33.497+0000] {processor.py:914} INFO - Processing file /opt/airflow/dags/e2e_pipeline.py for tasks to queue
[2024-12-09T05:55:33.500+0000] {logging_mixin.py:190} INFO - [2024-12-09T05:55:33.499+0000] {dagbag.py:588} INFO - Filling up the DagBag from /opt/airflow/dags/e2e_pipeline.py
[2024-12-09T05:55:34.213+0000] {processor.py:925} INFO - DAG(s) 'data_pipeline_dag' retrieved from /opt/airflow/dags/e2e_pipeline.py
[2024-12-09T05:55:34.232+0000] {logging_mixin.py:190} INFO - [2024-12-09T05:55:34.232+0000] {dag.py:3239} INFO - Sync 1 DAGs
[2024-12-09T05:55:34.242+0000] {logging_mixin.py:190} INFO - [2024-12-09T05:55:34.242+0000] {dag.py:4180} INFO - Setting next_dagrun for data_pipeline_dag to None, run_after=None
[2024-12-09T05:55:34.257+0000] {processor.py:208} INFO - Processing /opt/airflow/dags/e2e_pipeline.py took 0.768 seconds
[2024-12-09T05:56:04.580+0000] {processor.py:186} INFO - Started process (PID=664) to work on /opt/airflow/dags/e2e_pipeline.py
[2024-12-09T05:56:04.581+0000] {processor.py:914} INFO - Processing file /opt/airflow/dags/e2e_pipeline.py for tasks to queue
[2024-12-09T05:56:04.583+0000] {logging_mixin.py:190} INFO - [2024-12-09T05:56:04.583+0000] {dagbag.py:588} INFO - Filling up the DagBag from /opt/airflow/dags/e2e_pipeline.py
[2024-12-09T05:56:05.433+0000] {processor.py:925} INFO - DAG(s) 'data_pipeline_dag' retrieved from /opt/airflow/dags/e2e_pipeline.py
[2024-12-09T05:56:05.467+0000] {logging_mixin.py:190} INFO - [2024-12-09T05:56:05.465+0000] {dag.py:3239} INFO - Sync 1 DAGs
[2024-12-09T05:56:05.484+0000] {logging_mixin.py:190} INFO - [2024-12-09T05:56:05.484+0000] {dag.py:4180} INFO - Setting next_dagrun for data_pipeline_dag to None, run_after=None
[2024-12-09T05:56:05.518+0000] {processor.py:208} INFO - Processing /opt/airflow/dags/e2e_pipeline.py took 0.946 seconds
[2024-12-09T05:56:35.923+0000] {processor.py:186} INFO - Started process (PID=673) to work on /opt/airflow/dags/e2e_pipeline.py
[2024-12-09T05:56:35.925+0000] {processor.py:914} INFO - Processing file /opt/airflow/dags/e2e_pipeline.py for tasks to queue
[2024-12-09T05:56:35.930+0000] {logging_mixin.py:190} INFO - [2024-12-09T05:56:35.929+0000] {dagbag.py:588} INFO - Filling up the DagBag from /opt/airflow/dags/e2e_pipeline.py
[2024-12-09T05:56:37.027+0000] {processor.py:925} INFO - DAG(s) 'data_pipeline_dag' retrieved from /opt/airflow/dags/e2e_pipeline.py
[2024-12-09T05:56:37.052+0000] {logging_mixin.py:190} INFO - [2024-12-09T05:56:37.052+0000] {dag.py:3239} INFO - Sync 1 DAGs
[2024-12-09T05:56:37.065+0000] {logging_mixin.py:190} INFO - [2024-12-09T05:56:37.065+0000] {dag.py:4180} INFO - Setting next_dagrun for data_pipeline_dag to None, run_after=None
[2024-12-09T05:56:37.088+0000] {processor.py:208} INFO - Processing /opt/airflow/dags/e2e_pipeline.py took 1.179 seconds
[2024-12-09T05:57:07.206+0000] {processor.py:186} INFO - Started process (PID=682) to work on /opt/airflow/dags/e2e_pipeline.py
[2024-12-09T05:57:07.207+0000] {processor.py:914} INFO - Processing file /opt/airflow/dags/e2e_pipeline.py for tasks to queue
[2024-12-09T05:57:07.210+0000] {logging_mixin.py:190} INFO - [2024-12-09T05:57:07.209+0000] {dagbag.py:588} INFO - Filling up the DagBag from /opt/airflow/dags/e2e_pipeline.py
[2024-12-09T05:57:07.942+0000] {processor.py:925} INFO - DAG(s) 'data_pipeline_dag' retrieved from /opt/airflow/dags/e2e_pipeline.py
[2024-12-09T05:57:07.960+0000] {logging_mixin.py:190} INFO - [2024-12-09T05:57:07.959+0000] {dag.py:3239} INFO - Sync 1 DAGs
[2024-12-09T05:57:07.970+0000] {logging_mixin.py:190} INFO - [2024-12-09T05:57:07.969+0000] {dag.py:4180} INFO - Setting next_dagrun for data_pipeline_dag to None, run_after=None
[2024-12-09T05:57:07.985+0000] {processor.py:208} INFO - Processing /opt/airflow/dags/e2e_pipeline.py took 0.786 seconds
